-------------------------------------------------------------------------------
Test set: com.HelloWay.HelloWay.HelloWayTests
-------------------------------------------------------------------------------
Tests run: 1, Failures: 0, Errors: 1, Skipped: 0, Time elapsed: 25.351 s <<< FAILURE! - in com.HelloWay.HelloWay.HelloWayTests
contextLoads  Time elapsed: 0.005 s  <<< ERROR!
java.lang.IllegalStateException: Failed to load ApplicationContext
Caused by: org.springframework.beans.factory.UnsatisfiedDependencyException: Error creating bean with name 'wifiController': Unsatisfied dependency expressed through field 'wifiService'; nested exception is org.springframework.beans.factory.UnsatisfiedDependencyException: Error creating bean with name 'wifiService': Unsatisfied dependency expressed through field 'wifiRepository'; nested exception is org.springframework.beans.factory.BeanCreationException: Error creating bean with name 'wifiRepository' defined in com.HelloWay.HelloWay.repos.WifiRepository defined in @EnableJpaRepositories declared on JpaRepositoriesRegistrar.EnableJpaRepositoriesConfiguration: Invocation of init method failed; nested exception is org.springframework.data.repository.query.QueryCreationException: Could not create query for public abstract java.util.List com.HelloWay.HelloWay.repos.WifiRepository.findBySpace_Id_space(java.lang.Long); Reason: Failed to create query for method public abstract java.util.List com.HelloWay.HelloWay.repos.WifiRepository.findBySpace_Id_space(java.lang.Long)! No property 'id' found for type 'Space' Traversed path: Wifi.space.; nested exception is java.lang.IllegalArgumentException: Failed to create query for method public abstract java.util.List com.HelloWay.HelloWay.repos.WifiRepository.findBySpace_Id_space(java.lang.Long)! No property 'id' found for type 'Space' Traversed path: Wifi.space.
Caused by: org.springframework.beans.factory.UnsatisfiedDependencyException: Error creating bean with name 'wifiService': Unsatisfied dependency expressed through field 'wifiRepository'; nested exception is org.springframework.beans.factory.BeanCreationException: Error creating bean with name 'wifiRepository' defined in com.HelloWay.HelloWay.repos.WifiRepository defined in @EnableJpaRepositories declared on JpaRepositoriesRegistrar.EnableJpaRepositoriesConfiguration: Invocation of init method failed; nested exception is org.springframework.data.repository.query.QueryCreationException: Could not create query for public abstract java.util.List com.HelloWay.HelloWay.repos.WifiRepository.findBySpace_Id_space(java.lang.Long); Reason: Failed to create query for method public abstract java.util.List com.HelloWay.HelloWay.repos.WifiRepository.findBySpace_Id_space(java.lang.Long)! No property 'id' found for type 'Space' Traversed path: Wifi.space.; nested exception is java.lang.IllegalArgumentException: Failed to create query for method public abstract java.util.List com.HelloWay.HelloWay.repos.WifiRepository.findBySpace_Id_space(java.lang.Long)! No property 'id' found for type 'Space' Traversed path: Wifi.space.
Caused by: org.springframework.beans.factory.BeanCreationException: Error creating bean with name 'wifiRepository' defined in com.HelloWay.HelloWay.repos.WifiRepository defined in @EnableJpaRepositories declared on JpaRepositoriesRegistrar.EnableJpaRepositoriesConfiguration: Invocation of init method failed; nested exception is org.springframework.data.repository.query.QueryCreationException: Could not create query for public abstract java.util.List com.HelloWay.HelloWay.repos.WifiRepository.findBySpace_Id_space(java.lang.Long); Reason: Failed to create query for method public abstract java.util.List com.HelloWay.HelloWay.repos.WifiRepository.findBySpace_Id_space(java.lang.Long)! No property 'id' found for type 'Space' Traversed path: Wifi.space.; nested exception is java.lang.IllegalArgumentException: Failed to create query for method public abstract java.util.List com.HelloWay.HelloWay.repos.WifiRepository.findBySpace_Id_space(java.lang.Long)! No property 'id' found for type 'Space' Traversed path: Wifi.space.
Caused by: org.springframework.data.repository.query.QueryCreationException: Could not create query for public abstract java.util.List com.HelloWay.HelloWay.repos.WifiRepository.findBySpace_Id_space(java.lang.Long); Reason: Failed to create query for method public abstract java.util.List com.HelloWay.HelloWay.repos.WifiRepository.findBySpace_Id_space(java.lang.Long)! No property 'id' found for type 'Space' Traversed path: Wifi.space.; nested exception is java.lang.IllegalArgumentException: Failed to create query for method public abstract java.util.List com.HelloWay.HelloWay.repos.WifiRepository.findBySpace_Id_space(java.lang.Long)! No property 'id' found for type 'Space' Traversed path: Wifi.space.
Caused by: java.lang.IllegalArgumentException: Failed to create query for method public abstract java.util.List com.HelloWay.HelloWay.repos.WifiRepository.findBySpace_Id_space(java.lang.Long)! No property 'id' found for type 'Space' Traversed path: Wifi.space.
Caused by: org.springframework.data.mapping.PropertyReferenceException: No property 'id' found for type 'Space' Traversed path: Wifi.space.

