<?xml version="1.0" encoding="UTF-8"?>
<testsuite xmlns:xsi="http://www.w3.org/2001/XMLSchema-instance" xsi:noNamespaceSchemaLocation="https://maven.apache.org/surefire/maven-surefire-plugin/xsd/surefire-test-report.xsd" name="com.HelloWay.HelloWay.HelloWayTests" time="25.351" tests="1" errors="1" skipped="0" failures="0">
  <properties>
[...]
</properties>
  <testcase name="contextLoads" classname="com.HelloWay.HelloWay.HelloWayTests" time="0.005">
    <error message="Failed to load ApplicationContext" type="java.lang.IllegalStateException">java.lang.IllegalStateException: Failed to load ApplicationContext
Caused by: org.springframework.beans.factory.UnsatisfiedDependencyException: Error creating bean with name 'wifiController': Unsatisfied dependency expressed through field 'wifiService'; nested exception is org.springframework.beans.factory.UnsatisfiedDependencyException: Error creating bean with name 'wifiService': Unsatisfied dependency expressed through field 'wifiRepository'; nested exception is org.springframework.beans.factory.BeanCreationException: Error creating bean with name 'wifiRepository' defined in com.HelloWay.HelloWay.repos.WifiRepository defined in @EnableJpaRepositories declared on JpaRepositoriesRegistrar.EnableJpaRepositoriesConfiguration: Invocation of init method failed; nested exception is org.springframework.data.repository.query.QueryCreationException: Could not create query for public abstract java.util.List com.HelloWay.HelloWay.repos.WifiRepository.findBySpace_Id_space(java.lang.Long); Reason: Failed to create query for method public abstract java.util.List com.HelloWay.HelloWay.repos.WifiRepository.findBySpace_Id_space(java.lang.Long)! No property 'id' found for type 'Space' Traversed path: Wifi.space.; nested exception is java.lang.IllegalArgumentException: Failed to create query for method public abstract java.util.List com.HelloWay.HelloWay.repos.WifiRepository.findBySpace_Id_space(java.lang.Long)! No property 'id' found for type 'Space' Traversed path: Wifi.space.
Caused by: org.springframework.beans.factory.UnsatisfiedDependencyException: Error creating bean with name 'wifiService': Unsatisfied dependency expressed through field 'wifiRepository'; nested exception is org.springframework.beans.factory.BeanCreationException: Error creating bean with name 'wifiRepository' defined in com.HelloWay.HelloWay.repos.WifiRepository defined in @EnableJpaRepositories declared on JpaRepositoriesRegistrar.EnableJpaRepositoriesConfiguration: Invocation of init method failed; nested exception is org.springframework.data.repository.query.QueryCreationException: Could not create query for public abstract java.util.List com.HelloWay.HelloWay.repos.WifiRepository.findBySpace_Id_space(java.lang.Long); Reason: Failed to create query for method public abstract java.util.List com.HelloWay.HelloWay.repos.WifiRepository.findBySpace_Id_space(java.lang.Long)! No property 'id' found for type 'Space' Traversed path: Wifi.space.; nested exception is java.lang.IllegalArgumentException: Failed to create query for method public abstract java.util.List com.HelloWay.HelloWay.repos.WifiRepository.findBySpace_Id_space(java.lang.Long)! No property 'id' found for type 'Space' Traversed path: Wifi.space.
Caused by: org.springframework.beans.factory.BeanCreationException: Error creating bean with name 'wifiRepository' defined in com.HelloWay.HelloWay.repos.WifiRepository defined in @EnableJpaRepositories declared on JpaRepositoriesRegistrar.EnableJpaRepositoriesConfiguration: Invocation of init method failed; nested exception is org.springframework.data.repository.query.QueryCreationException: Could not create query for public abstract java.util.List com.HelloWay.HelloWay.repos.WifiRepository.findBySpace_Id_space(java.lang.Long); Reason: Failed to create query for method public abstract java.util.List com.HelloWay.HelloWay.repos.WifiRepository.findBySpace_Id_space(java.lang.Long)! No property 'id' found for type 'Space' Traversed path: Wifi.space.; nested exception is java.lang.IllegalArgumentException: Failed to create query for method public abstract java.util.List com.HelloWay.HelloWay.repos.WifiRepository.findBySpace_Id_space(java.lang.Long)! No property 'id' found for type 'Space' Traversed path: Wifi.space.
Caused by: org.springframework.data.repository.query.QueryCreationException: Could not create query for public abstract java.util.List com.HelloWay.HelloWay.repos.WifiRepository.findBySpace_Id_space(java.lang.Long); Reason: Failed to create query for method public abstract java.util.List com.HelloWay.HelloWay.repos.WifiRepository.findBySpace_Id_space(java.lang.Long)! No property 'id' found for type 'Space' Traversed path: Wifi.space.; nested exception is java.lang.IllegalArgumentException: Failed to create query for method public abstract java.util.List com.HelloWay.HelloWay.repos.WifiRepository.findBySpace_Id_space(java.lang.Long)! No property 'id' found for type 'Space' Traversed path: Wifi.space.
Caused by: java.lang.IllegalArgumentException: Failed to create query for method public abstract java.util.List com.HelloWay.HelloWay.repos.WifiRepository.findBySpace_Id_space(java.lang.Long)! No property 'id' found for type 'Space' Traversed path: Wifi.space.
Caused by: org.springframework.data.mapping.PropertyReferenceException: No property 'id' found for type 'Space' Traversed path: Wifi.space.
</error>
    <system-out><![CDATA[18:45:58.924 [main] DEBUG org.springframework.test.context.BootstrapUtils - Instantiating CacheAwareContextLoaderDelegate from class [org.springframework.test.context.cache.DefaultCacheAwareContextLoaderDelegate]
18:45:58.949 [main] DEBUG org.springframework.test.context.BootstrapUtils - Instantiating BootstrapContext using constructor [public org.springframework.test.context.support.DefaultBootstrapContext(java.lang.Class,org.springframework.test.context.CacheAwareContextLoaderDelegate)]
18:45:59.056 [main] DEBUG org.springframework.test.context.BootstrapUtils - Instantiating TestContextBootstrapper for test class [com.HelloWay.HelloWay.HelloWayTests] from class [org.springframework.boot.test.context.SpringBootTestContextBootstrapper]
18:45:59.092 [main] INFO org.springframework.boot.test.context.SpringBootTestContextBootstrapper - Neither @ContextConfiguration nor @ContextHierarchy found for test class [com.HelloWay.HelloWay.HelloWayTests], using SpringBootContextLoader
18:45:59.105 [main] DEBUG org.springframework.test.context.support.AbstractContextLoader - Did not detect default resource location for test class [com.HelloWay.HelloWay.HelloWayTests]: class path resource [com/HelloWay/HelloWay/HelloWayTests-context.xml] does not exist
18:45:59.107 [main] DEBUG org.springframework.test.context.support.AbstractContextLoader - Did not detect default resource location for test class [com.HelloWay.HelloWay.HelloWayTests]: class path resource [com/HelloWay/HelloWay/HelloWayTestsContext.groovy] does not exist
18:45:59.108 [main] INFO org.springframework.test.context.support.AbstractContextLoader - Could not detect default resource locations for test class [com.HelloWay.HelloWay.HelloWayTests]: no resource found for suffixes {-context.xml, Context.groovy}.
18:45:59.111 [main] INFO org.springframework.test.context.support.AnnotationConfigContextLoaderUtils - Could not detect default configuration classes for test class [com.HelloWay.HelloWay.HelloWayTests]: HelloWayTests does not declare any static, non-private, non-final, nested classes annotated with @Configuration.
18:45:59.297 [main] DEBUG org.springframework.test.context.support.ActiveProfilesUtils - Could not find an 'annotation declaring class' for annotation type [org.springframework.test.context.ActiveProfiles] and class [com.HelloWay.HelloWay.HelloWayTests]
18:45:59.532 [main] DEBUG org.springframework.context.annotation.ClassPathScanningCandidateComponentProvider - Identified candidate component class: file [C:\Users\Moutia Saad\Documents\Projects\FPA_SEC-main\backend\target\classes\com\HelloWay\HelloWay\HelloWay.class]
18:45:59.536 [main] INFO org.springframework.boot.test.context.SpringBootTestContextBootstrapper - Found @SpringBootConfiguration com.HelloWay.HelloWay.HelloWay for test class com.HelloWay.HelloWay.HelloWayTests
18:45:59.861 [main] DEBUG org.springframework.boot.test.context.SpringBootTestContextBootstrapper - @TestExecutionListeners is not present for class [com.HelloWay.HelloWay.HelloWayTests]: using defaults.
18:45:59.862 [main] INFO org.springframework.boot.test.context.SpringBootTestContextBootstrapper - Loaded default TestExecutionListener class names from location [META-INF/spring.factories]: [org.springframework.boot.test.mock.mockito.MockitoTestExecutionListener, org.springframework.boot.test.mock.mockito.ResetMocksTestExecutionListener, org.springframework.boot.test.autoconfigure.restdocs.RestDocsTestExecutionListener, org.springframework.boot.test.autoconfigure.web.client.MockRestServiceServerResetTestExecutionListener, org.springframework.boot.test.autoconfigure.web.servlet.MockMvcPrintOnlyOnFailureTestExecutionListener, org.springframework.boot.test.autoconfigure.web.servlet.WebDriverTestExecutionListener, org.springframework.boot.test.autoconfigure.webservices.client.MockWebServiceServerTestExecutionListener, org.springframework.test.context.web.ServletTestExecutionListener, org.springframework.test.context.support.DirtiesContextBeforeModesTestExecutionListener, org.springframework.test.context.event.ApplicationEventsTestExecutionListener, org.springframework.test.context.support.DependencyInjectionTestExecutionListener, org.springframework.test.context.support.DirtiesContextTestExecutionListener, org.springframework.test.context.transaction.TransactionalTestExecutionListener, org.springframework.test.context.jdbc.SqlScriptsTestExecutionListener, org.springframework.test.context.event.EventPublishingTestExecutionListener, org.springframework.security.test.context.support.WithSecurityContextTestExecutionListener, org.springframework.security.test.context.support.ReactorContextTestExecutionListener]
18:45:59.919 [main] INFO org.springframework.boot.test.context.SpringBootTestContextBootstrapper - Using TestExecutionListeners: [org.springframework.test.context.web.ServletTestExecutionListener@6af9fcb2, org.springframework.test.context.support.DirtiesContextBeforeModesTestExecutionListener@6cce16f4, org.springframework.test.context.event.ApplicationEventsTestExecutionListener@7efaad5a, org.springframework.boot.test.mock.mockito.MockitoTestExecutionListener@291a7e3c, org.springframework.boot.test.autoconfigure.SpringBootDependencyInjectionTestExecutionListener@ca30bc1, org.springframework.test.context.support.DirtiesContextTestExecutionListener@1046d517, org.springframework.test.context.transaction.TransactionalTestExecutionListener@3b7d3a38, org.springframework.test.context.jdbc.SqlScriptsTestExecutionListener@416c58f5, org.springframework.test.context.event.EventPublishingTestExecutionListener@5505ae1a, org.springframework.security.test.context.support.WithSecurityContextTestExecutionListener@73cd37c0, org.springframework.security.test.context.support.ReactorContextTestExecutionListener@21337f7b, org.springframework.boot.test.mock.mockito.ResetMocksTestExecutionListener@2bb3058, org.springframework.boot.test.autoconfigure.restdocs.RestDocsTestExecutionListener@7a362b6b, org.springframework.boot.test.autoconfigure.web.client.MockRestServiceServerResetTestExecutionListener@60df60da, org.springframework.boot.test.autoconfigure.web.servlet.MockMvcPrintOnlyOnFailureTestExecutionListener@5a2d131d, org.springframework.boot.test.autoconfigure.web.servlet.WebDriverTestExecutionListener@14fc1f0, org.springframework.boot.test.autoconfigure.webservices.client.MockWebServiceServerTestExecutionListener@4ae9cfc1]
18:45:59.932 [main] DEBUG org.springframework.test.context.support.AbstractDirtiesContextTestExecutionListener - Before test class: context [DefaultTestContext@a3d9978 testClass = HelloWayTests, testInstance = [null], testMethod = [null], testException = [null], mergedContextConfiguration = [WebMergedContextConfiguration@61544ae6 testClass = HelloWayTests, locations = '{}', classes = '{class com.HelloWay.HelloWay.HelloWay}', contextInitializerClasses = '[]', activeProfiles = '{}', propertySourceLocations = '{}', propertySourceProperties = '{org.springframework.boot.test.context.SpringBootTestContextBootstrapper=true}', contextCustomizers = set[org.springframework.boot.test.context.filter.ExcludeFilterContextCustomizer@3d6f0054, org.springframework.boot.test.json.DuplicateJsonObjectContextCustomizerFactory$DuplicateJsonObjectContextCustomizer@25084a1e, org.springframework.boot.test.mock.mockito.MockitoContextCustomizer@0, org.springframework.boot.test.web.client.TestRestTemplateContextCustomizer@6283d8b8, org.springframework.boot.test.autoconfigure.actuate.metrics.MetricsExportContextCustomizerFactory$DisableMetricExportContextCustomizer@6cd28fa7, org.springframework.boot.test.autoconfigure.properties.PropertyMappingContextCustomizer@0, org.springframework.boot.test.autoconfigure.web.servlet.WebDriverContextCustomizerFactory$Customizer@485966cc, org.springframework.boot.test.context.SpringBootTestArgs@1, org.springframework.boot.test.context.SpringBootTestWebEnvironment@4923ab24], resourceBasePath = 'src/main/webapp', contextLoader = 'org.springframework.boot.test.context.SpringBootContextLoader', parent = [null]], attributes = map['org.springframework.test.context.web.ServletTestExecutionListener.activateListener' -> true]], class annotated with @DirtiesContext [false] with mode [null].
                 ,--,      ,--,
        ,--,          ,---.'|   ,---.'|       ,----..
      ,--.'|    ,---,.|   | :   |   | :      /   /   \              .---.   ,---,
   ,--,  | :  ,'  .' |:   : |   :   : |     /   .     :            /. ./|  '  .' \            ,---,
,---.'|  : ',---.'   ||   ' :   |   ' :    .   /   ;.  \       .--'.  ' ; /  ;    '.         /_ ./|
|   | : _' ||   |   .';   ; '   ;   ; '   .   ;   /  ` ;      /__./ \ : |:  :       \  ,---, |  ' :
:   : |.'  |:   :  |-,'   | |__ '   | |__ ;   |  ; \ ; |  .--'.  '   \' .:  |   /\   \/___/ \.  : |
|   ' '  ; ::   |  ;/||   | :.'||   | :.'||   :  | ; | ' /___/ \ |    ' '|  :  ' ;.   :.  \  \ ,' '
'   |  .'. ||   :   .''   :    ;'   :    ;.   |  ' ' ' : ;   \  \;      :|  |  ;/  \   \\  ;  `  ,'
|   | :  | '|   |  |-,|   |  ./ |   |  ./ '   ;  \; /  |  \   ;  `      |'  :  | \  \ ,' \  \    '
'   : |  : ;'   :  ;/|;   : ;   ;   : ;    \   \  ',  /    .   \    .\  ;|  |  '  '--'    '  \   |
|   | '  ,/ |   |    \|   ,/    |   ,/      ;   :    /      \   \   ' \ ||  :  :           \  ;  ;
;   : ;--'  |   :   .''---'     '---'        \   \ .'        :   '  |--" |  | ,'            :  \  \
|   ,/      |   | ,'                          `---`           \   \ ;    `--''               \  ' ;
'---'       `----'                                             '---"                          `--`

HelloWay 1
Powered by Spring Boot 2.7.3
2024-05-30 18:46:01.195  INFO 21304 --- [           main] com.HelloWay.HelloWay.HelloWayTests      : Starting HelloWayTests using Java 18.0.2.1 on DESKTOP-3RQ144M with PID 21304 (started by Moutia Saad in C:\Users\Moutia Saad\Documents\Projects\FPA_SEC-main\backend)
2024-05-30 18:46:01.201  INFO 21304 --- [           main] com.HelloWay.HelloWay.HelloWayTests      : No active profile set, falling back to 1 default profile: "default"
2024-05-30 18:46:04.900  INFO 21304 --- [           main] .s.d.r.c.RepositoryConfigurationDelegate : Bootstrapping Spring Data JPA repositories in DEFAULT mode.
2024-05-30 18:46:05.516  INFO 21304 --- [           main] .s.d.r.c.RepositoryConfigurationDelegate : Finished Spring Data repository scanning in 586 ms. Found 19 JPA repository interfaces.
2024-05-30 18:46:07.943  INFO 21304 --- [           main] o.hibernate.jpa.internal.util.LogHelper  : HHH000204: Processing PersistenceUnitInfo [name: default]
2024-05-30 18:46:08.201  INFO 21304 --- [           main] org.hibernate.Version                    : HHH000412: Hibernate ORM core version 5.6.10.Final
2024-05-30 18:46:09.109  INFO 21304 --- [           main] o.hibernate.annotations.common.Version   : HCANN000001: Hibernate Commons Annotations {5.1.2.Final}
2024-05-30 18:46:10.066  INFO 21304 --- [           main] com.zaxxer.hikari.HikariDataSource       : HikariPool-1 - Starting...
2024-05-30 18:46:11.464  INFO 21304 --- [           main] com.zaxxer.hikari.HikariDataSource       : HikariPool-1 - Start completed.
2024-05-30 18:46:11.535  INFO 21304 --- [           main] org.hibernate.dialect.Dialect            : HHH000400: Using dialect: org.hibernate.dialect.MySQL5InnoDBDialect
2024-05-30 18:46:17.045  INFO 21304 --- [           main] o.h.e.t.j.p.i.JtaPlatformInitiator       : HHH000490: Using JtaPlatform implementation: [org.hibernate.engine.transaction.jta.platform.internal.NoJtaPlatform]
2024-05-30 18:46:17.074  INFO 21304 --- [           main] j.LocalContainerEntityManagerFactoryBean : Initialized JPA EntityManagerFactory for persistence unit 'default'
2024-05-30 18:46:19.141  WARN 21304 --- [           main] JpaBaseConfiguration$JpaWebConfiguration : spring.jpa.open-in-view is enabled by default. Therefore, database queries may be performed during view rendering. Explicitly configure spring.jpa.open-in-view to disable this warning
2024-05-30 18:46:20.980 DEBUG 21304 --- [           main] .PrePostAnnotationSecurityMetadataSource : @org.springframework.security.access.prepost.PreAuthorize("hasAnyRole(\'GUEST\',\'USER\')") found on specific method: public org.springframework.http.ResponseEntity com.HelloWay.HelloWay.controllers.BasketController.deleteOneProductFromBasket(long,long)
2024-05-30 18:46:21.053 DEBUG 21304 --- [           main] m.DelegatingMethodSecurityMetadataSource : Caching method [CacheKey[com.HelloWay.HelloWay.controllers.BasketController; public org.springframework.http.ResponseEntity com.HelloWay.HelloWay.controllers.BasketController.deleteOneProductFromBasket(long,long)]] with attributes [[authorize: 'hasAnyRole('GUEST','USER')', filter: 'null', filterTarget: 'null']]
2024-05-30 18:46:21.112 DEBUG 21304 --- [           main] .PrePostAnnotationSecurityMetadataSource : @org.springframework.security.access.prepost.PreAuthorize("hasAnyRole(\'GUEST\',\'USER\')") found on specific method: public org.springframework.http.ResponseEntity com.HelloWay.HelloWay.controllers.BasketController.createCommandWithServer(java.lang.Long,long)
2024-05-30 18:46:21.114 DEBUG 21304 --- [           main] m.DelegatingMethodSecurityMetadataSource : Caching method [CacheKey[com.HelloWay.HelloWay.controllers.BasketController; public org.springframework.http.ResponseEntity com.HelloWay.HelloWay.controllers.BasketController.createCommandWithServer(java.lang.Long,long)]] with attributes [[authorize: 'hasAnyRole('GUEST','USER')', filter: 'null', filterTarget: 'null']]
2024-05-30 18:46:21.117 DEBUG 21304 --- [           main] .PrePostAnnotationSecurityMetadataSource : @org.springframework.security.access.prepost.PreAuthorize("hasAnyRole(\'GUEST\',\'USER\',\'WAITER\')") found on specific method: public org.springframework.http.ResponseEntity com.HelloWay.HelloWay.controllers.BasketController.getProductsByIdBasket(long)
2024-05-30 18:46:21.118 DEBUG 21304 --- [           main] m.DelegatingMethodSecurityMetadataSource : Caching method [CacheKey[com.HelloWay.HelloWay.controllers.BasketController; public org.springframework.http.ResponseEntity com.HelloWay.HelloWay.controllers.BasketController.getProductsByIdBasket(long)]] with attributes [[authorize: 'hasAnyRole('GUEST','USER','WAITER')', filter: 'null', filterTarget: 'null']]
2024-05-30 18:46:21.124 DEBUG 21304 --- [           main] .PrePostAnnotationSecurityMetadataSource : @org.springframework.security.access.prepost.PreAuthorize("hasAnyRole(\'GUEST\',\'USER\',\'WAITER\')") found on specific method: public org.springframework.http.ResponseEntity com.HelloWay.HelloWay.controllers.BasketController.getLatestBasketByIdTable(long)
2024-05-30 18:46:21.127 DEBUG 21304 --- [           main] m.DelegatingMethodSecurityMetadataSource : Caching method [CacheKey[com.HelloWay.HelloWay.controllers.BasketController; public org.springframework.http.ResponseEntity com.HelloWay.HelloWay.controllers.BasketController.getLatestBasketByIdTable(long)]] with attributes [[authorize: 'hasAnyRole('GUEST','USER','WAITER')', filter: 'null', filterTarget: 'null']]
2024-05-30 18:46:21.130 DEBUG 21304 --- [           main] .PrePostAnnotationSecurityMetadataSource : @org.springframework.security.access.prepost.PreAuthorize("hasAnyRole(\'GUEST\',\'USER\',\'WAITER\')") found on specific method: public org.springframework.http.ResponseEntity com.HelloWay.HelloWay.controllers.BasketController.getProductsByIdCommand(long)
2024-05-30 18:46:21.131 DEBUG 21304 --- [           main] m.DelegatingMethodSecurityMetadataSource : Caching method [CacheKey[com.HelloWay.HelloWay.controllers.BasketController; public org.springframework.http.ResponseEntity com.HelloWay.HelloWay.controllers.BasketController.getProductsByIdCommand(long)]] with attributes [[authorize: 'hasAnyRole('GUEST','USER','WAITER')', filter: 'null', filterTarget: 'null']]
2024-05-30 18:46:21.135 DEBUG 21304 --- [           main] .PrePostAnnotationSecurityMetadataSource : @org.springframework.security.access.prepost.PreAuthorize("hasAnyRole(\'GUEST\',\'USER\')") found on specific method: public org.springframework.http.ResponseEntity com.HelloWay.HelloWay.controllers.BasketController.deleteProductFromBasket(long,long)
2024-05-30 18:46:21.138 DEBUG 21304 --- [           main] m.DelegatingMethodSecurityMetadataSource : Caching method [CacheKey[com.HelloWay.HelloWay.controllers.BasketController; public org.springframework.http.ResponseEntity com.HelloWay.HelloWay.controllers.BasketController.deleteProductFromBasket(long,long)]] with attributes [[authorize: 'hasAnyRole('GUEST','USER')', filter: 'null', filterTarget: 'null']]
2024-05-30 18:46:21.140 DEBUG 21304 --- [           main] .PrePostAnnotationSecurityMetadataSource : @org.springframework.security.access.prepost.PreAuthorize("hasAnyRole(\'PROVIDER\')") found on specific method: public com.HelloWay.HelloWay.entities.Basket com.HelloWay.HelloWay.controllers.BasketController.addNewBasket(com.HelloWay.HelloWay.entities.Basket)
2024-05-30 18:46:21.141 DEBUG 21304 --- [           main] m.DelegatingMethodSecurityMetadataSource : Caching method [CacheKey[com.HelloWay.HelloWay.controllers.BasketController; public com.HelloWay.HelloWay.entities.Basket com.HelloWay.HelloWay.controllers.BasketController.addNewBasket(com.HelloWay.HelloWay.entities.Basket)]] with attributes [[authorize: 'hasAnyRole('PROVIDER')', filter: 'null', filterTarget: 'null']]
2024-05-30 18:46:21.142 DEBUG 21304 --- [           main] .PrePostAnnotationSecurityMetadataSource : @org.springframework.security.access.prepost.PreAuthorize("hasAnyRole(\'PROVIDER\')") found on specific method: public void com.HelloWay.HelloWay.controllers.BasketController.updateBasket(com.HelloWay.HelloWay.entities.Basket)
2024-05-30 18:46:21.143 DEBUG 21304 --- [           main] m.DelegatingMethodSecurityMetadataSource : Caching method [CacheKey[com.HelloWay.HelloWay.controllers.BasketController; public void com.HelloWay.HelloWay.controllers.BasketController.updateBasket(com.HelloWay.HelloWay.entities.Basket)]] with attributes [[authorize: 'hasAnyRole('PROVIDER')', filter: 'null', filterTarget: 'null']]
2024-05-30 18:46:21.145 DEBUG 21304 --- [           main] .PrePostAnnotationSecurityMetadataSource : @org.springframework.security.access.prepost.PreAuthorize("hasAnyRole(\'PROVIDER\')") found on specific method: public void com.HelloWay.HelloWay.controllers.BasketController.deleteBasket(long)
2024-05-30 18:46:21.146 DEBUG 21304 --- [           main] m.DelegatingMethodSecurityMetadataSource : Caching method [CacheKey[com.HelloWay.HelloWay.controllers.BasketController; public void com.HelloWay.HelloWay.controllers.BasketController.deleteBasket(long)]] with attributes [[authorize: 'hasAnyRole('PROVIDER')', filter: 'null', filterTarget: 'null']]
2024-05-30 18:46:21.147 DEBUG 21304 --- [           main] .PrePostAnnotationSecurityMetadataSource : @org.springframework.security.access.prepost.PreAuthorize("hasAnyRole(\'PROVIDER\')") found on specific method: public com.HelloWay.HelloWay.entities.Basket com.HelloWay.HelloWay.controllers.BasketController.findBasketById(long)
2024-05-30 18:46:21.149 DEBUG 21304 --- [           main] m.DelegatingMethodSecurityMetadataSource : Caching method [CacheKey[com.HelloWay.HelloWay.controllers.BasketController; public com.HelloWay.HelloWay.entities.Basket com.HelloWay.HelloWay.controllers.BasketController.findBasketById(long)]] with attributes [[authorize: 'hasAnyRole('PROVIDER')', filter: 'null', filterTarget: 'null']]
2024-05-30 18:46:21.150 DEBUG 21304 --- [           main] .PrePostAnnotationSecurityMetadataSource : @org.springframework.security.access.prepost.PreAuthorize("hasAnyRole(\'GUEST\',\'USER\')") found on specific method: public org.springframework.http.ResponseEntity com.HelloWay.HelloWay.controllers.BasketController.createCommand(java.lang.Long)
2024-05-30 18:46:21.152 DEBUG 21304 --- [           main] m.DelegatingMethodSecurityMetadataSource : Caching method [CacheKey[com.HelloWay.HelloWay.controllers.BasketController; public org.springframework.http.ResponseEntity com.HelloWay.HelloWay.controllers.BasketController.createCommand(java.lang.Long)]] with attributes [[authorize: 'hasAnyRole('GUEST','USER')', filter: 'null', filterTarget: 'null']]
2024-05-30 18:46:21.153 DEBUG 21304 --- [           main] .PrePostAnnotationSecurityMetadataSource : @org.springframework.security.access.prepost.PreAuthorize("hasAnyRole(\'GUEST\',\'USER\')") found on specific method: public org.springframework.http.ResponseEntity com.HelloWay.HelloWay.controllers.BasketController.addProductToBasket(long,long,int)
2024-05-30 18:46:21.154 DEBUG 21304 --- [           main] m.DelegatingMethodSecurityMetadataSource : Caching method [CacheKey[com.HelloWay.HelloWay.controllers.BasketController; public org.springframework.http.ResponseEntity com.HelloWay.HelloWay.controllers.BasketController.addProductToBasket(long,long,int)]] with attributes [[authorize: 'hasAnyRole('GUEST','USER')', filter: 'null', filterTarget: 'null']]
2024-05-30 18:46:21.156 DEBUG 21304 --- [           main] .PrePostAnnotationSecurityMetadataSource : @org.springframework.security.access.prepost.PreAuthorize("hasAnyRole(\'PROVIDER\')") found on specific method: public org.springframework.http.ResponseEntity com.HelloWay.HelloWay.controllers.BasketController.addBasketToBoard(java.lang.Long,com.HelloWay.HelloWay.entities.Basket)
2024-05-30 18:46:21.157 DEBUG 21304 --- [           main] m.DelegatingMethodSecurityMetadataSource : Caching method [CacheKey[com.HelloWay.HelloWay.controllers.BasketController; public org.springframework.http.ResponseEntity com.HelloWay.HelloWay.controllers.BasketController.addBasketToBoard(java.lang.Long,com.HelloWay.HelloWay.entities.Basket)]] with attributes [[authorize: 'hasAnyRole('PROVIDER')', filter: 'null', filterTarget: 'null']]
2024-05-30 18:46:21.158 DEBUG 21304 --- [           main] .PrePostAnnotationSecurityMetadataSource : @org.springframework.security.access.prepost.PreAuthorize("hasAnyRole(\'PROVIDER\')") found on specific method: public java.util.List com.HelloWay.HelloWay.controllers.BasketController.allBaskets()
2024-05-30 18:46:21.159 DEBUG 21304 --- [           main] m.DelegatingMethodSecurityMetadataSource : Caching method [CacheKey[com.HelloWay.HelloWay.controllers.BasketController; public java.util.List com.HelloWay.HelloWay.controllers.BasketController.allBaskets()]] with attributes [[authorize: 'hasAnyRole('PROVIDER')', filter: 'null', filterTarget: 'null']]
2024-05-30 18:46:21.160 DEBUG 21304 --- [           main] .PrePostAnnotationSecurityMetadataSource : @org.springframework.security.access.prepost.PreAuthorize("hasAnyRole(\'GUEST\',\'USER\',\'WAITER\')") found on specific method: public org.springframework.http.ResponseEntity com.HelloWay.HelloWay.controllers.BasketController.getProductQuantityByIdBasketAndIdProduct(long,long)
2024-05-30 18:46:21.162 DEBUG 21304 --- [           main] m.DelegatingMethodSecurityMetadataSource : Caching method [CacheKey[com.HelloWay.HelloWay.controllers.BasketController; public org.springframework.http.ResponseEntity com.HelloWay.HelloWay.controllers.BasketController.getProductQuantityByIdBasketAndIdProduct(long,long)]] with attributes [[authorize: 'hasAnyRole('GUEST','USER','WAITER')', filter: 'null', filterTarget: 'null']]
2024-05-30 18:46:21.205 DEBUG 21304 --- [           main] .PrePostAnnotationSecurityMetadataSource : @org.springframework.security.access.prepost.PreAuthorize("hasAnyRole(\'PROVIDER\')") found on specific method: public org.springframework.http.ResponseEntity com.HelloWay.HelloWay.controllers.BoardController.addNewBoardByIdZone(com.HelloWay.HelloWay.entities.Board,java.lang.Long)
2024-05-30 18:46:21.207 DEBUG 21304 --- [           main] m.DelegatingMethodSecurityMetadataSource : Caching method [CacheKey[com.HelloWay.HelloWay.controllers.BoardController; public org.springframework.http.ResponseEntity com.HelloWay.HelloWay.controllers.BoardController.addNewBoardByIdZone(com.HelloWay.HelloWay.entities.Board,java.lang.Long)]] with attributes [[authorize: 'hasAnyRole('PROVIDER')', filter: 'null', filterTarget: 'null']]
2024-05-30 18:46:21.210 DEBUG 21304 --- [           main] .PrePostAnnotationSecurityMetadataSource : @org.springframework.security.access.prepost.PreAuthorize("hasAnyRole(\'PROVIDER\')") found on specific method: public com.HelloWay.HelloWay.entities.Board com.HelloWay.HelloWay.controllers.BoardController.findBoardById(long)
2024-05-30 18:46:21.213 DEBUG 21304 --- [           main] m.DelegatingMethodSecurityMetadataSource : Caching method [CacheKey[com.HelloWay.HelloWay.controllers.BoardController; public com.HelloWay.HelloWay.entities.Board com.HelloWay.HelloWay.controllers.BoardController.findBoardById(long)]] with attributes [[authorize: 'hasAnyRole('PROVIDER')', filter: 'null', filterTarget: 'null']]
2024-05-30 18:46:21.215 DEBUG 21304 --- [           main] .PrePostAnnotationSecurityMetadataSource : @org.springframework.security.access.prepost.PreAuthorize("hasAnyRole(\'PROVIDER\')") found on specific method: public com.HelloWay.HelloWay.entities.Board com.HelloWay.HelloWay.controllers.BoardController.updateBoard(com.HelloWay.HelloWay.entities.Board)
2024-05-30 18:46:21.217 DEBUG 21304 --- [           main] m.DelegatingMethodSecurityMetadataSource : Caching method [CacheKey[com.HelloWay.HelloWay.controllers.BoardController; public com.HelloWay.HelloWay.entities.Board com.HelloWay.HelloWay.controllers.BoardController.updateBoard(com.HelloWay.HelloWay.entities.Board)]] with attributes [[authorize: 'hasAnyRole('PROVIDER')', filter: 'null', filterTarget: 'null']]
2024-05-30 18:46:21.219 DEBUG 21304 --- [           main] .PrePostAnnotationSecurityMetadataSource : @org.springframework.security.access.prepost.PreAuthorize("hasAnyRole(\'PROVIDER\')") found on specific method: public org.springframework.http.ResponseEntity com.HelloWay.HelloWay.controllers.BoardController.updateBoard(com.HelloWay.HelloWay.entities.Board,long)
2024-05-30 18:46:21.220 DEBUG 21304 --- [           main] m.DelegatingMethodSecurityMetadataSource : Caching method [CacheKey[com.HelloWay.HelloWay.controllers.BoardController; public org.springframework.http.ResponseEntity com.HelloWay.HelloWay.controllers.BoardController.updateBoard(com.HelloWay.HelloWay.entities.Board,long)]] with attributes [[authorize: 'hasAnyRole('PROVIDER')', filter: 'null', filterTarget: 'null']]
2024-05-30 18:46:21.221 DEBUG 21304 --- [           main] .PrePostAnnotationSecurityMetadataSource : @org.springframework.security.access.prepost.PreAuthorize("hasAnyRole(\'PROVIDER\')") found on specific method: public void com.HelloWay.HelloWay.controllers.BoardController.deleteBoard(long)
2024-05-30 18:46:21.222 DEBUG 21304 --- [           main] m.DelegatingMethodSecurityMetadataSource : Caching method [CacheKey[com.HelloWay.HelloWay.controllers.BoardController; public void com.HelloWay.HelloWay.controllers.BoardController.deleteBoard(long)]] with attributes [[authorize: 'hasAnyRole('PROVIDER')', filter: 'null', filterTarget: 'null']]
2024-05-30 18:46:21.223 DEBUG 21304 --- [           main] .PrePostAnnotationSecurityMetadataSource : @org.springframework.security.access.prepost.PreAuthorize("hasRole(\'PROVIDER\')") found on specific method: public com.HelloWay.HelloWay.entities.Board com.HelloWay.HelloWay.controllers.BoardController.addNewBoard(com.HelloWay.HelloWay.entities.Board)
2024-05-30 18:46:21.224 DEBUG 21304 --- [           main] m.DelegatingMethodSecurityMetadataSource : Caching method [CacheKey[com.HelloWay.HelloWay.controllers.BoardController; public com.HelloWay.HelloWay.entities.Board com.HelloWay.HelloWay.controllers.BoardController.addNewBoard(com.HelloWay.HelloWay.entities.Board)]] with attributes [[authorize: 'hasRole('PROVIDER')', filter: 'null', filterTarget: 'null']]
2024-05-30 18:46:21.226 DEBUG 21304 --- [           main] .PrePostAnnotationSecurityMetadataSource : @org.springframework.security.access.prepost.PreAuthorize("hasAnyRole(\'PROVIDER\')") found on specific method: public java.util.List com.HelloWay.HelloWay.controllers.BoardController.getBoardsByIdZone(java.lang.Long)
2024-05-30 18:46:21.227 DEBUG 21304 --- [           main] m.DelegatingMethodSecurityMetadataSource : Caching method [CacheKey[com.HelloWay.HelloWay.controllers.BoardController; public java.util.List com.HelloWay.HelloWay.controllers.BoardController.getBoardsByIdZone(java.lang.Long)]] with attributes [[authorize: 'hasAnyRole('PROVIDER')', filter: 'null', filterTarget: 'null']]
2024-05-30 18:46:21.229 DEBUG 21304 --- [           main] .PrePostAnnotationSecurityMetadataSource : @org.springframework.security.access.prepost.PreAuthorize("hasAnyRole(\'PROVIDER\')") found on specific method: public java.util.List com.HelloWay.HelloWay.controllers.BoardController.allBoards()
2024-05-30 18:46:21.235 DEBUG 21304 --- [           main] m.DelegatingMethodSecurityMetadataSource : Caching method [CacheKey[com.HelloWay.HelloWay.controllers.BoardController; public java.util.List com.HelloWay.HelloWay.controllers.BoardController.allBoards()]] with attributes [[authorize: 'hasAnyRole('PROVIDER')', filter: 'null', filterTarget: 'null']]
2024-05-30 18:46:21.263 DEBUG 21304 --- [           main] .PrePostAnnotationSecurityMetadataSource : @org.springframework.security.access.prepost.PreAuthorize("hasAnyRole(\'PROVIDER\')") found on specific method: public org.springframework.http.ResponseEntity com.HelloWay.HelloWay.controllers.CategorieController.addNewCategorieByIdSpace(com.HelloWay.HelloWay.entities.Categorie,java.lang.Long)
2024-05-30 18:46:21.265 DEBUG 21304 --- [           main] m.DelegatingMethodSecurityMetadataSource : Caching method [CacheKey[com.HelloWay.HelloWay.controllers.CategorieController; public org.springframework.http.ResponseEntity com.HelloWay.HelloWay.controllers.CategorieController.addNewCategorieByIdSpace(com.HelloWay.HelloWay.entities.Categorie,java.lang.Long)]] with attributes [[authorize: 'hasAnyRole('PROVIDER')', filter: 'null', filterTarget: 'null']]
2024-05-30 18:46:21.267 DEBUG 21304 --- [           main] .PrePostAnnotationSecurityMetadataSource : @org.springframework.security.access.prepost.PreAuthorize("hasAnyRole(\'PROVIDER\',\'USER\', \'GUEST\',\'WAITER\')") found on specific method: public java.util.List com.HelloWay.HelloWay.controllers.CategorieController.getCategoriesByIdSpace(java.lang.Long)
2024-05-30 18:46:21.268 DEBUG 21304 --- [           main] m.DelegatingMethodSecurityMetadataSource : Caching method [CacheKey[com.HelloWay.HelloWay.controllers.CategorieController; public java.util.List com.HelloWay.HelloWay.controllers.CategorieController.getCategoriesByIdSpace(java.lang.Long)]] with attributes [[authorize: 'hasAnyRole('PROVIDER','USER', 'GUEST','WAITER')', filter: 'null', filterTarget: 'null']]
2024-05-30 18:46:21.269 DEBUG 21304 --- [           main] .PrePostAnnotationSecurityMetadataSource : @org.springframework.security.access.prepost.PreAuthorize("hasAnyRole(\'PROVIDER\')") found on specific method: public com.HelloWay.HelloWay.entities.Categorie com.HelloWay.HelloWay.controllers.CategorieController.findCategorieById(long)
2024-05-30 18:46:21.269 DEBUG 21304 --- [           main] m.DelegatingMethodSecurityMetadataSource : Caching method [CacheKey[com.HelloWay.HelloWay.controllers.CategorieController; public com.HelloWay.HelloWay.entities.Categorie com.HelloWay.HelloWay.controllers.CategorieController.findCategorieById(long)]] with attributes [[authorize: 'hasAnyRole('PROVIDER')', filter: 'null', filterTarget: 'null']]
2024-05-30 18:46:21.271 DEBUG 21304 --- [           main] .PrePostAnnotationSecurityMetadataSource : @org.springframework.security.access.prepost.PreAuthorize("hasAnyRole(\'PROVIDER\')") found on specific method: public org.springframework.http.ResponseEntity com.HelloWay.HelloWay.controllers.CategorieController.updateCategorie(com.HelloWay.HelloWay.entities.Categorie,long)
2024-05-30 18:46:21.271 DEBUG 21304 --- [           main] m.DelegatingMethodSecurityMetadataSource : Caching method [CacheKey[com.HelloWay.HelloWay.controllers.CategorieController; public org.springframework.http.ResponseEntity com.HelloWay.HelloWay.controllers.CategorieController.updateCategorie(com.HelloWay.HelloWay.entities.Categorie,long)]] with attributes [[authorize: 'hasAnyRole('PROVIDER')', filter: 'null', filterTarget: 'null']]
2024-05-30 18:46:21.272 DEBUG 21304 --- [           main] .PrePostAnnotationSecurityMetadataSource : @org.springframework.security.access.prepost.PreAuthorize("hasAnyRole(\'PROVIDER\')") found on specific method: public com.HelloWay.HelloWay.entities.Categorie com.HelloWay.HelloWay.controllers.CategorieController.updateCategorie(com.HelloWay.HelloWay.entities.Categorie)
2024-05-30 18:46:21.272 DEBUG 21304 --- [           main] m.DelegatingMethodSecurityMetadataSource : Caching method [CacheKey[com.HelloWay.HelloWay.controllers.CategorieController; public com.HelloWay.HelloWay.entities.Categorie com.HelloWay.HelloWay.controllers.CategorieController.updateCategorie(com.HelloWay.HelloWay.entities.Categorie)]] with attributes [[authorize: 'hasAnyRole('PROVIDER')', filter: 'null', filterTarget: 'null']]
2024-05-30 18:46:21.275 DEBUG 21304 --- [           main] .PrePostAnnotationSecurityMetadataSource : @org.springframework.security.access.prepost.PreAuthorize("hasAnyRole(\'PROVIDER\')") found on specific method: public void com.HelloWay.HelloWay.controllers.CategorieController.deleteCategorie(long)
2024-05-30 18:46:21.276 DEBUG 21304 --- [           main] m.DelegatingMethodSecurityMetadataSource : Caching method [CacheKey[com.HelloWay.HelloWay.controllers.CategorieController; public void com.HelloWay.HelloWay.controllers.CategorieController.deleteCategorie(long)]] with attributes [[authorize: 'hasAnyRole('PROVIDER')', filter: 'null', filterTarget: 'null']]
2024-05-30 18:46:21.277 DEBUG 21304 --- [           main] .PrePostAnnotationSecurityMetadataSource : @org.springframework.security.access.prepost.PreAuthorize("hasAnyRole(\'PROVIDER\')") found on specific method: public org.springframework.data.domain.Page com.HelloWay.HelloWay.controllers.CategorieController.getCategories(int,int)
2024-05-30 18:46:21.278 DEBUG 21304 --- [           main] m.DelegatingMethodSecurityMetadataSource : Caching method [CacheKey[com.HelloWay.HelloWay.controllers.CategorieController; public org.springframework.data.domain.Page com.HelloWay.HelloWay.controllers.CategorieController.getCategories(int,int)]] with attributes [[authorize: 'hasAnyRole('PROVIDER')', filter: 'null', filterTarget: 'null']]
2024-05-30 18:46:21.279 DEBUG 21304 --- [           main] .PrePostAnnotationSecurityMetadataSource : @org.springframework.security.access.prepost.PreAuthorize("hasAnyRole(\'PROVIDER\')") found on specific method: public java.util.List com.HelloWay.HelloWay.controllers.CategorieController.allCategories()
2024-05-30 18:46:21.280 DEBUG 21304 --- [           main] m.DelegatingMethodSecurityMetadataSource : Caching method [CacheKey[com.HelloWay.HelloWay.controllers.CategorieController; public java.util.List com.HelloWay.HelloWay.controllers.CategorieController.allCategories()]] with attributes [[authorize: 'hasAnyRole('PROVIDER')', filter: 'null', filterTarget: 'null']]
2024-05-30 18:46:21.283 DEBUG 21304 --- [           main] .PrePostAnnotationSecurityMetadataSource : @org.springframework.security.access.prepost.PreAuthorize("hasAnyRole(\'PROVIDER\')") found on specific method: public java.util.Optional com.HelloWay.HelloWay.controllers.CategorieController.addNewCategorie(com.HelloWay.HelloWay.entities.Categorie) throws java.lang.Exception
2024-05-30 18:46:21.286 DEBUG 21304 --- [           main] m.DelegatingMethodSecurityMetadataSource : Caching method [CacheKey[com.HelloWay.HelloWay.controllers.CategorieController; public java.util.Optional com.HelloWay.HelloWay.controllers.CategorieController.addNewCategorie(com.HelloWay.HelloWay.entities.Categorie) throws java.lang.Exception]] with attributes [[authorize: 'hasAnyRole('PROVIDER')', filter: 'null', filterTarget: 'null']]
2024-05-30 18:46:21.345 DEBUG 21304 --- [           main] .PrePostAnnotationSecurityMetadataSource : @org.springframework.security.access.prepost.PreAuthorize("hasAnyRole(\'PROVIDER\')") found on specific method: public org.springframework.http.ResponseEntity com.HelloWay.HelloWay.controllers.CommandController.getServerSumCommandsPerDay(java.lang.Long,java.lang.String)
2024-05-30 18:46:21.345 DEBUG 21304 --- [           main] m.DelegatingMethodSecurityMetadataSource : Caching method [CacheKey[com.HelloWay.HelloWay.controllers.CommandController; public org.springframework.http.ResponseEntity com.HelloWay.HelloWay.controllers.CommandController.getServerSumCommandsPerDay(java.lang.Long,java.lang.String)]] with attributes [[authorize: 'hasAnyRole('PROVIDER')', filter: 'null', filterTarget: 'null']]
2024-05-30 18:46:21.348 DEBUG 21304 --- [           main] .PrePostAnnotationSecurityMetadataSource : @org.springframework.security.access.prepost.PreAuthorize("hasAnyRole(\'WAITER\', \'USER\', \'GUEST\')") found on specific method: public org.springframework.http.ResponseEntity com.HelloWay.HelloWay.controllers.CommandController.getCommandByBasketId(long)
2024-05-30 18:46:21.351 DEBUG 21304 --- [           main] m.DelegatingMethodSecurityMetadataSource : Caching method [CacheKey[com.HelloWay.HelloWay.controllers.CommandController; public org.springframework.http.ResponseEntity com.HelloWay.HelloWay.controllers.CommandController.getCommandByBasketId(long)]] with attributes [[authorize: 'hasAnyRole('WAITER', 'USER', 'GUEST')', filter: 'null', filterTarget: 'null']]
2024-05-30 18:46:21.351 DEBUG 21304 --- [           main] .PrePostAnnotationSecurityMetadataSource : @org.springframework.security.access.prepost.PreAuthorize("hasAnyRole(\'PROVIDER\', \'USER\')") found on specific method: public org.springframework.http.ResponseEntity com.HelloWay.HelloWay.controllers.CommandController.getCommandsByUserId(long)
2024-05-30 18:46:21.353 DEBUG 21304 --- [           main] m.DelegatingMethodSecurityMetadataSource : Caching method [CacheKey[com.HelloWay.HelloWay.controllers.CommandController; public org.springframework.http.ResponseEntity com.HelloWay.HelloWay.controllers.CommandController.getCommandsByUserId(long)]] with attributes [[authorize: 'hasAnyRole('PROVIDER', 'USER')', filter: 'null', filterTarget: 'null']]
2024-05-30 18:46:21.353 DEBUG 21304 --- [           main] .PrePostAnnotationSecurityMetadataSource : @org.springframework.security.access.prepost.PreAuthorize("hasAnyRole(\'PROVIDER\',\'USER\')") found on specific method: public org.springframework.http.ResponseEntity com.HelloWay.HelloWay.controllers.CommandController.getLatestCommandByUserId(long)
2024-05-30 18:46:21.354 DEBUG 21304 --- [           main] m.DelegatingMethodSecurityMetadataSource : Caching method [CacheKey[com.HelloWay.HelloWay.controllers.CommandController; public org.springframework.http.ResponseEntity com.HelloWay.HelloWay.controllers.CommandController.getLatestCommandByUserId(long)]] with attributes [[authorize: 'hasAnyRole('PROVIDER','USER')', filter: 'null', filterTarget: 'null']]
2024-05-30 18:46:21.354 DEBUG 21304 --- [           main] .PrePostAnnotationSecurityMetadataSource : @org.springframework.security.access.prepost.PreAuthorize("hasAnyRole(\'PROVIDER\')") found on specific method: public org.springframework.http.ResponseEntity com.HelloWay.HelloWay.controllers.CommandController.getServerCommandsCountPerDay(java.lang.Long,java.lang.String)
2024-05-30 18:46:21.355 DEBUG 21304 --- [           main] m.DelegatingMethodSecurityMetadataSource : Caching method [CacheKey[com.HelloWay.HelloWay.controllers.CommandController; public org.springframework.http.ResponseEntity com.HelloWay.HelloWay.controllers.CommandController.getServerCommandsCountPerDay(java.lang.Long,java.lang.String)]] with attributes [[authorize: 'hasAnyRole('PROVIDER')', filter: 'null', filterTarget: 'null']]
2024-05-30 18:46:21.356 DEBUG 21304 --- [           main] .PrePostAnnotationSecurityMetadataSource : @org.springframework.security.access.prepost.PreAuthorize("hasAnyRole(\'PROVIDER\')") found on specific method: public org.springframework.http.ResponseEntity com.HelloWay.HelloWay.controllers.CommandController.getServerSumCommandsPerMonth(java.lang.Long,java.lang.String)
2024-05-30 18:46:21.356 DEBUG 21304 --- [           main] m.DelegatingMethodSecurityMetadataSource : Caching method [CacheKey[com.HelloWay.HelloWay.controllers.CommandController; public org.springframework.http.ResponseEntity com.HelloWay.HelloWay.controllers.CommandController.getServerSumCommandsPerMonth(java.lang.Long,java.lang.String)]] with attributes [[authorize: 'hasAnyRole('PROVIDER')', filter: 'null', filterTarget: 'null']]
2024-05-30 18:46:21.357 DEBUG 21304 --- [           main] .PrePostAnnotationSecurityMetadataSource : @org.springframework.security.access.prepost.PreAuthorize("hasAnyRole(\'WAITER\', \'USER\', \'GUEST\')") found on specific method: public org.springframework.http.ResponseEntity com.HelloWay.HelloWay.controllers.CommandController.updateCommand(long,long)
2024-05-30 18:46:21.357 DEBUG 21304 --- [           main] m.DelegatingMethodSecurityMetadataSource : Caching method [CacheKey[com.HelloWay.HelloWay.controllers.CommandController; public org.springframework.http.ResponseEntity com.HelloWay.HelloWay.controllers.CommandController.updateCommand(long,long)]] with attributes [[authorize: 'hasAnyRole('WAITER', 'USER', 'GUEST')', filter: 'null', filterTarget: 'null']]
2024-05-30 18:46:21.358 DEBUG 21304 --- [           main] .PrePostAnnotationSecurityMetadataSource : @org.springframework.security.access.prepost.PreAuthorize("hasAnyRole(\'WAITER\')") found on specific method: public org.springframework.http.ResponseEntity com.HelloWay.HelloWay.controllers.CommandController.acceptCommand(java.lang.Long)
2024-05-30 18:46:21.358 DEBUG 21304 --- [           main] m.DelegatingMethodSecurityMetadataSource : Caching method [CacheKey[com.HelloWay.HelloWay.controllers.CommandController; public org.springframework.http.ResponseEntity com.HelloWay.HelloWay.controllers.CommandController.acceptCommand(java.lang.Long)]] with attributes [[authorize: 'hasAnyRole('WAITER')', filter: 'null', filterTarget: 'null']]
2024-05-30 18:46:21.359 DEBUG 21304 --- [           main] .PrePostAnnotationSecurityMetadataSource : @org.springframework.security.access.prepost.PreAuthorize("hasAnyRole(\'WAITER\')") found on specific method: public org.springframework.http.ResponseEntity com.HelloWay.HelloWay.controllers.CommandController.refuseCommand(java.lang.Long)
2024-05-30 18:46:21.359 DEBUG 21304 --- [           main] m.DelegatingMethodSecurityMetadataSource : Caching method [CacheKey[com.HelloWay.HelloWay.controllers.CommandController; public org.springframework.http.ResponseEntity com.HelloWay.HelloWay.controllers.CommandController.refuseCommand(java.lang.Long)]] with attributes [[authorize: 'hasAnyRole('WAITER')', filter: 'null', filterTarget: 'null']]
2024-05-30 18:46:21.360 DEBUG 21304 --- [           main] .PrePostAnnotationSecurityMetadataSource : @org.springframework.security.access.prepost.PreAuthorize("hasAnyRole(\'PROVIDER\',\'WAITER\')") found on specific method: public org.springframework.http.ResponseEntity com.HelloWay.HelloWay.controllers.CommandController.getServersCommand(long)
2024-05-30 18:46:21.361 DEBUG 21304 --- [           main] m.DelegatingMethodSecurityMetadataSource : Caching method [CacheKey[com.HelloWay.HelloWay.controllers.CommandController; public org.springframework.http.ResponseEntity com.HelloWay.HelloWay.controllers.CommandController.getServersCommand(long)]] with attributes [[authorize: 'hasAnyRole('PROVIDER','WAITER')', filter: 'null', filterTarget: 'null']]
2024-05-30 18:46:21.361 DEBUG 21304 --- [           main] .PrePostAnnotationSecurityMetadataSource : @org.springframework.security.access.prepost.PreAuthorize("hasAnyRole(\'WAITER\', \'GUEST\', \'USER\')") found on specific method: public org.springframework.http.ResponseEntity com.HelloWay.HelloWay.controllers.CommandController.getSumOfCommand(long)
2024-05-30 18:46:21.362 DEBUG 21304 --- [           main] m.DelegatingMethodSecurityMetadataSource : Caching method [CacheKey[com.HelloWay.HelloWay.controllers.CommandController; public org.springframework.http.ResponseEntity com.HelloWay.HelloWay.controllers.CommandController.getSumOfCommand(long)]] with attributes [[authorize: 'hasAnyRole('WAITER', 'GUEST', 'USER')', filter: 'null', filterTarget: 'null']]
2024-05-30 18:46:21.362 DEBUG 21304 --- [           main] .PrePostAnnotationSecurityMetadataSource : @org.springframework.security.access.prepost.PreAuthorize("hasAnyRole(\'WAITER\')") found on specific method: public org.springframework.http.ResponseEntity com.HelloWay.HelloWay.controllers.CommandController.payCommand(java.lang.Long)
2024-05-30 18:46:21.363 DEBUG 21304 --- [           main] m.DelegatingMethodSecurityMetadataSource : Caching method [CacheKey[com.HelloWay.HelloWay.controllers.CommandController; public org.springframework.http.ResponseEntity com.HelloWay.HelloWay.controllers.CommandController.payCommand(java.lang.Long)]] with attributes [[authorize: 'hasAnyRole('WAITER')', filter: 'null', filterTarget: 'null']]
2024-05-30 18:46:21.363 DEBUG 21304 --- [           main] .PrePostAnnotationSecurityMetadataSource : @org.springframework.security.access.prepost.PreAuthorize("hasAnyRole(\'PROVIDER\',\'USER\')") found on specific method: public org.springframework.http.ResponseEntity com.HelloWay.HelloWay.controllers.CommandController.getCommandServer(long)
2024-05-30 18:46:21.364 DEBUG 21304 --- [           main] m.DelegatingMethodSecurityMetadataSource : Caching method [CacheKey[com.HelloWay.HelloWay.controllers.CommandController; public org.springframework.http.ResponseEntity com.HelloWay.HelloWay.controllers.CommandController.getCommandServer(long)]] with attributes [[authorize: 'hasAnyRole('PROVIDER','USER')', filter: 'null', filterTarget: 'null']]
2024-05-30 18:46:21.396 DEBUG 21304 --- [           main] .PrePostAnnotationSecurityMetadataSource : @org.springframework.security.access.prepost.PreAuthorize("hasAnyRole(\'ADMIN\')") found on specific method: public void com.HelloWay.HelloWay.controllers.EmailController.sendEmail(java.lang.String,java.lang.String,java.lang.String)
2024-05-30 18:46:21.397 DEBUG 21304 --- [           main] m.DelegatingMethodSecurityMetadataSource : Caching method [CacheKey[com.HelloWay.HelloWay.controllers.EmailController; public void com.HelloWay.HelloWay.controllers.EmailController.sendEmail(java.lang.String,java.lang.String,java.lang.String)]] with attributes [[authorize: 'hasAnyRole('ADMIN')', filter: 'null', filterTarget: 'null']]
2024-05-30 18:46:22.064 DEBUG 21304 --- [           main] .PrePostAnnotationSecurityMetadataSource : @org.springframework.security.access.prepost.PreAuthorize("hasAnyRole(\'PROVIDER\')") found on specific method: public com.HelloWay.HelloWay.entities.Promotion com.HelloWay.HelloWay.controllers.EventController.createPromotion(com.HelloWay.HelloWay.entities.Promotion)
2024-05-30 18:46:22.065 DEBUG 21304 --- [           main] m.DelegatingMethodSecurityMetadataSource : Caching method [CacheKey[com.HelloWay.HelloWay.controllers.EventController; public com.HelloWay.HelloWay.entities.Promotion com.HelloWay.HelloWay.controllers.EventController.createPromotion(com.HelloWay.HelloWay.entities.Promotion)]] with attributes [[authorize: 'hasAnyRole('PROVIDER')', filter: 'null', filterTarget: 'null']]
2024-05-30 18:46:22.068 DEBUG 21304 --- [           main] .PrePostAnnotationSecurityMetadataSource : @org.springframework.security.access.prepost.PreAuthorize("hasAnyRole(\'PROVIDER\')") found on specific method: public org.springframework.http.ResponseEntity com.HelloWay.HelloWay.controllers.EventController.createParty(java.lang.Long,com.HelloWay.HelloWay.entities.Party)
2024-05-30 18:46:22.068 DEBUG 21304 --- [           main] m.DelegatingMethodSecurityMetadataSource : Caching method [CacheKey[com.HelloWay.HelloWay.controllers.EventController; public org.springframework.http.ResponseEntity com.HelloWay.HelloWay.controllers.EventController.createParty(java.lang.Long,com.HelloWay.HelloWay.entities.Party)]] with attributes [[authorize: 'hasAnyRole('PROVIDER')', filter: 'null', filterTarget: 'null']]
2024-05-30 18:46:22.069 DEBUG 21304 --- [           main] .PrePostAnnotationSecurityMetadataSource : @org.springframework.security.access.prepost.PreAuthorize("hasAnyRole(\'PROVIDER\')") found on specific method: public com.HelloWay.HelloWay.entities.Party com.HelloWay.HelloWay.controllers.EventController.createParty(com.HelloWay.HelloWay.entities.Party)
2024-05-30 18:46:22.069 DEBUG 21304 --- [           main] m.DelegatingMethodSecurityMetadataSource : Caching method [CacheKey[com.HelloWay.HelloWay.controllers.EventController; public com.HelloWay.HelloWay.entities.Party com.HelloWay.HelloWay.controllers.EventController.createParty(com.HelloWay.HelloWay.entities.Party)]] with attributes [[authorize: 'hasAnyRole('PROVIDER')', filter: 'null', filterTarget: 'null']]
2024-05-30 18:46:22.070 DEBUG 21304 --- [           main] .PrePostAnnotationSecurityMetadataSource : @org.springframework.security.access.prepost.PreAuthorize("hasAnyRole(\'PROVIDER\', \'ADMIN\')") found on specific method: public com.HelloWay.HelloWay.entities.Event com.HelloWay.HelloWay.controllers.EventController.createEvent(com.HelloWay.HelloWay.entities.Event)
2024-05-30 18:46:22.071 DEBUG 21304 --- [           main] m.DelegatingMethodSecurityMetadataSource : Caching method [CacheKey[com.HelloWay.HelloWay.controllers.EventController; public com.HelloWay.HelloWay.entities.Event com.HelloWay.HelloWay.controllers.EventController.createEvent(com.HelloWay.HelloWay.entities.Event)]] with attributes [[authorize: 'hasAnyRole('PROVIDER', 'ADMIN')', filter: 'null', filterTarget: 'null']]
2024-05-30 18:46:22.071 DEBUG 21304 --- [           main] .PrePostAnnotationSecurityMetadataSource : @org.springframework.security.access.prepost.PreAuthorize("hasAnyRole(\'PROVIDER\')") found on specific method: public java.util.List com.HelloWay.HelloWay.controllers.EventController.getEventsBySpaceId(java.lang.Long)
2024-05-30 18:46:22.072 DEBUG 21304 --- [           main] m.DelegatingMethodSecurityMetadataSource : Caching method [CacheKey[com.HelloWay.HelloWay.controllers.EventController; public java.util.List com.HelloWay.HelloWay.controllers.EventController.getEventsBySpaceId(java.lang.Long)]] with attributes [[authorize: 'hasAnyRole('PROVIDER')', filter: 'null', filterTarget: 'null']]
2024-05-30 18:46:22.072 DEBUG 21304 --- [           main] .PrePostAnnotationSecurityMetadataSource : @org.springframework.security.access.prepost.PreAuthorize("hasAnyRole(\'PROVIDER\')") found on specific method: public com.HelloWay.HelloWay.entities.Event com.HelloWay.HelloWay.controllers.EventController.updateEvent(java.lang.Long,com.HelloWay.HelloWay.entities.Event)
2024-05-30 18:46:22.073 DEBUG 21304 --- [           main] m.DelegatingMethodSecurityMetadataSource : Caching method [CacheKey[com.HelloWay.HelloWay.controllers.EventController; public com.HelloWay.HelloWay.entities.Event com.HelloWay.HelloWay.controllers.EventController.updateEvent(java.lang.Long,com.HelloWay.HelloWay.entities.Event)]] with attributes [[authorize: 'hasAnyRole('PROVIDER')', filter: 'null', filterTarget: 'null']]
2024-05-30 18:46:22.086 DEBUG 21304 --- [           main] .PrePostAnnotationSecurityMetadataSource : @org.springframework.security.access.prepost.PreAuthorize("hasAnyRole(\'PROVIDER\')") found on specific method: public java.util.List com.HelloWay.HelloWay.controllers.EventController.getAllPromotions()
2024-05-30 18:46:22.105 DEBUG 21304 --- [           main] m.DelegatingMethodSecurityMetadataSource : Caching method [CacheKey[com.HelloWay.HelloWay.controllers.EventController; public java.util.List com.HelloWay.HelloWay.controllers.EventController.getAllPromotions()]] with attributes [[authorize: 'hasAnyRole('PROVIDER')', filter: 'null', filterTarget: 'null']]
2024-05-30 18:46:22.110 DEBUG 21304 --- [           main] .PrePostAnnotationSecurityMetadataSource : @org.springframework.security.access.prepost.PreAuthorize("hasAnyRole(\'PROVIDER\')") found on specific method: public java.util.List com.HelloWay.HelloWay.controllers.EventController.getAllParties()
2024-05-30 18:46:22.113 DEBUG 21304 --- [           main] m.DelegatingMethodSecurityMetadataSource : Caching method [CacheKey[com.HelloWay.HelloWay.controllers.EventController; public java.util.List com.HelloWay.HelloWay.controllers.EventController.getAllParties()]] with attributes [[authorize: 'hasAnyRole('PROVIDER')', filter: 'null', filterTarget: 'null']]
2024-05-30 18:46:22.114 DEBUG 21304 --- [           main] .PrePostAnnotationSecurityMetadataSource : @org.springframework.security.access.prepost.PreAuthorize("hasAnyRole(\'PROVIDER\', \'ADMIN\')") found on specific method: public org.springframework.http.ResponseEntity com.HelloWay.HelloWay.controllers.EventController.getEventById(java.lang.Long)
2024-05-30 18:46:22.117 DEBUG 21304 --- [           main] m.DelegatingMethodSecurityMetadataSource : Caching method [CacheKey[com.HelloWay.HelloWay.controllers.EventController; public org.springframework.http.ResponseEntity com.HelloWay.HelloWay.controllers.EventController.getEventById(java.lang.Long)]] with attributes [[authorize: 'hasAnyRole('PROVIDER', 'ADMIN')', filter: 'null', filterTarget: 'null']]
2024-05-30 18:46:22.122 DEBUG 21304 --- [           main] .PrePostAnnotationSecurityMetadataSource : @org.springframework.security.access.prepost.PreAuthorize("hasAnyRole(\'PROVIDER\', \'USER\', \'GUEST\')") found on specific method: public java.util.List com.HelloWay.HelloWay.controllers.EventController.getUpcomingEvents(int)
2024-05-30 18:46:22.126 DEBUG 21304 --- [           main] m.DelegatingMethodSecurityMetadataSource : Caching method [CacheKey[com.HelloWay.HelloWay.controllers.EventController; public java.util.List com.HelloWay.HelloWay.controllers.EventController.getUpcomingEvents(int)]] with attributes [[authorize: 'hasAnyRole('PROVIDER', 'USER', 'GUEST')', filter: 'null', filterTarget: 'null']]
2024-05-30 18:46:22.129 DEBUG 21304 --- [           main] .PrePostAnnotationSecurityMetadataSource : @org.springframework.security.access.prepost.PreAuthorize("hasAnyRole(\'ADMIN\')") found on specific method: public java.util.List com.HelloWay.HelloWay.controllers.EventController.getAllEvents()
2024-05-30 18:46:22.130 DEBUG 21304 --- [           main] m.DelegatingMethodSecurityMetadataSource : Caching method [CacheKey[com.HelloWay.HelloWay.controllers.EventController; public java.util.List com.HelloWay.HelloWay.controllers.EventController.getAllEvents()]] with attributes [[authorize: 'hasAnyRole('ADMIN')', filter: 'null', filterTarget: 'null']]
2024-05-30 18:46:22.136 DEBUG 21304 --- [           main] .PrePostAnnotationSecurityMetadataSource : @org.springframework.security.access.prepost.PreAuthorize("hasAnyRole(\'PROVIDER\')") found on specific method: public org.springframework.http.ResponseEntity com.HelloWay.HelloWay.controllers.EventController.addImage(java.lang.Long,org.springframework.web.multipart.MultipartFile)
2024-05-30 18:46:22.138 DEBUG 21304 --- [           main] m.DelegatingMethodSecurityMetadataSource : Caching method [CacheKey[com.HelloWay.HelloWay.controllers.EventController; public org.springframework.http.ResponseEntity com.HelloWay.HelloWay.controllers.EventController.addImage(java.lang.Long,org.springframework.web.multipart.MultipartFile)]] with attributes [[authorize: 'hasAnyRole('PROVIDER')', filter: 'null', filterTarget: 'null']]
2024-05-30 18:46:22.144 DEBUG 21304 --- [           main] .PrePostAnnotationSecurityMetadataSource : @org.springframework.security.access.prepost.PreAuthorize("hasAnyRole(\'ADMIN\',\'PROVIDER\')") found on specific method: public org.springframework.http.ResponseEntity com.HelloWay.HelloWay.controllers.EventController.deleteImage(java.lang.String,java.lang.Long)
2024-05-30 18:46:22.147 DEBUG 21304 --- [           main] m.DelegatingMethodSecurityMetadataSource : Caching method [CacheKey[com.HelloWay.HelloWay.controllers.EventController; public org.springframework.http.ResponseEntity com.HelloWay.HelloWay.controllers.EventController.deleteImage(java.lang.String,java.lang.Long)]] with attributes [[authorize: 'hasAnyRole('ADMIN','PROVIDER')', filter: 'null', filterTarget: 'null']]
2024-05-30 18:46:22.149 DEBUG 21304 --- [           main] .PrePostAnnotationSecurityMetadataSource : @org.springframework.security.access.prepost.PreAuthorize("hasAnyRole(\'PROVIDER\')") found on specific method: public org.springframework.http.ResponseEntity com.HelloWay.HelloWay.controllers.EventController.createEventForSpace(com.HelloWay.HelloWay.entities.Event,long)
2024-05-30 18:46:22.150 DEBUG 21304 --- [           main] m.DelegatingMethodSecurityMetadataSource : Caching method [CacheKey[com.HelloWay.HelloWay.controllers.EventController; public org.springframework.http.ResponseEntity com.HelloWay.HelloWay.controllers.EventController.createEventForSpace(com.HelloWay.HelloWay.entities.Event,long)]] with attributes [[authorize: 'hasAnyRole('PROVIDER')', filter: 'null', filterTarget: 'null']]
2024-05-30 18:46:22.154 DEBUG 21304 --- [           main] .PrePostAnnotationSecurityMetadataSource : @org.springframework.security.access.prepost.PreAuthorize("hasAnyRole(\'PROVIDER\', \'USER\', \'GUEST\')") found on specific method: public org.springframework.http.ResponseEntity com.HelloWay.HelloWay.controllers.EventController.getPromotionsByProductId(java.lang.Long)
2024-05-30 18:46:22.181 DEBUG 21304 --- [           main] m.DelegatingMethodSecurityMetadataSource : Caching method [CacheKey[com.HelloWay.HelloWay.controllers.EventController; public org.springframework.http.ResponseEntity com.HelloWay.HelloWay.controllers.EventController.getPromotionsByProductId(java.lang.Long)]] with attributes [[authorize: 'hasAnyRole('PROVIDER', 'USER', 'GUEST')', filter: 'null', filterTarget: 'null']]
2024-05-30 18:46:22.187 DEBUG 21304 --- [           main] .PrePostAnnotationSecurityMetadataSource : @org.springframework.security.access.prepost.PreAuthorize("hasAnyRole(\'PROVIDER\')") found on specific method: public org.springframework.http.ResponseEntity com.HelloWay.HelloWay.controllers.EventController.createPromotionForSpaceAndProduct(com.HelloWay.HelloWay.entities.Promotion,long,long)
2024-05-30 18:46:22.193 DEBUG 21304 --- [           main] m.DelegatingMethodSecurityMetadataSource : Caching method [CacheKey[com.HelloWay.HelloWay.controllers.EventController; public org.springframework.http.ResponseEntity com.HelloWay.HelloWay.controllers.EventController.createPromotionForSpaceAndProduct(com.HelloWay.HelloWay.entities.Promotion,long,long)]] with attributes [[authorize: 'hasAnyRole('PROVIDER')', filter: 'null', filterTarget: 'null']]
2024-05-30 18:46:22.197 DEBUG 21304 --- [           main] .PrePostAnnotationSecurityMetadataSource : @org.springframework.security.access.prepost.PreAuthorize("hasAnyRole(\'PROVIDER\', \'USER\', \'GUEST\')") found on specific method: public java.util.List com.HelloWay.HelloWay.controllers.EventController.getEventsByDateRange(java.time.LocalDate,java.time.LocalDate)
2024-05-30 18:46:22.198 DEBUG 21304 --- [           main] m.DelegatingMethodSecurityMetadataSource : Caching method [CacheKey[com.HelloWay.HelloWay.controllers.EventController; public java.util.List com.HelloWay.HelloWay.controllers.EventController.getEventsByDateRange(java.time.LocalDate,java.time.LocalDate)]] with attributes [[authorize: 'hasAnyRole('PROVIDER', 'USER', 'GUEST')', filter: 'null', filterTarget: 'null']]
2024-05-30 18:46:22.222 DEBUG 21304 --- [           main] .PrePostAnnotationSecurityMetadataSource : @org.springframework.security.access.prepost.PreAuthorize("hasAnyRole(\'PROVIDER\', \'USER\', \'GUEST\')") found on specific method: public org.springframework.http.ResponseEntity com.HelloWay.HelloWay.controllers.NotificationController.createNotification(java.lang.String,java.lang.String,com.HelloWay.HelloWay.entities.User)
2024-05-30 18:46:22.223 DEBUG 21304 --- [           main] m.DelegatingMethodSecurityMetadataSource : Caching method [CacheKey[com.HelloWay.HelloWay.controllers.NotificationController; public org.springframework.http.ResponseEntity com.HelloWay.HelloWay.controllers.NotificationController.createNotification(java.lang.String,java.lang.String,com.HelloWay.HelloWay.entities.User)]] with attributes [[authorize: 'hasAnyRole('PROVIDER', 'USER', 'GUEST')', filter: 'null', filterTarget: 'null']]
2024-05-30 18:46:22.224 DEBUG 21304 --- [           main] .PrePostAnnotationSecurityMetadataSource : @org.springframework.security.access.prepost.PreAuthorize("hasAnyRole(\'PROVIDER\',\'WAITER\',\'notification\')") found on specific method: public org.springframework.http.ResponseEntity com.HelloWay.HelloWay.controllers.NotificationController.updateNotification(java.lang.Long,java.lang.String,java.lang.String,boolean)
2024-05-30 18:46:22.225 DEBUG 21304 --- [           main] m.DelegatingMethodSecurityMetadataSource : Caching method [CacheKey[com.HelloWay.HelloWay.controllers.NotificationController; public org.springframework.http.ResponseEntity com.HelloWay.HelloWay.controllers.NotificationController.updateNotification(java.lang.Long,java.lang.String,java.lang.String,boolean)]] with attributes [[authorize: 'hasAnyRole('PROVIDER','WAITER','notification')', filter: 'null', filterTarget: 'null']]
2024-05-30 18:46:22.225 DEBUG 21304 --- [           main] .PrePostAnnotationSecurityMetadataSource : @org.springframework.security.access.prepost.PreAuthorize("hasAnyRole(\'PROVIDER\', \'USER\', \'GUEST\')") found on specific method: public void com.HelloWay.HelloWay.controllers.NotificationController.deleteNotification(java.lang.Long)
2024-05-30 18:46:22.226 DEBUG 21304 --- [           main] m.DelegatingMethodSecurityMetadataSource : Caching method [CacheKey[com.HelloWay.HelloWay.controllers.NotificationController; public void com.HelloWay.HelloWay.controllers.NotificationController.deleteNotification(java.lang.Long)]] with attributes [[authorize: 'hasAnyRole('PROVIDER', 'USER', 'GUEST')', filter: 'null', filterTarget: 'null']]
2024-05-30 18:46:22.227 DEBUG 21304 --- [           main] .PrePostAnnotationSecurityMetadataSource : @org.springframework.security.access.prepost.PreAuthorize("hasAnyRole(\'PROVIDER\', \'USER\', \'GUEST\')") found on specific method: public java.util.List com.HelloWay.HelloWay.controllers.NotificationController.getAllNotifications()
2024-05-30 18:46:22.229 DEBUG 21304 --- [           main] m.DelegatingMethodSecurityMetadataSource : Caching method [CacheKey[com.HelloWay.HelloWay.controllers.NotificationController; public java.util.List com.HelloWay.HelloWay.controllers.NotificationController.getAllNotifications()]] with attributes [[authorize: 'hasAnyRole('PROVIDER', 'USER', 'GUEST')', filter: 'null', filterTarget: 'null']]
2024-05-30 18:46:22.230 DEBUG 21304 --- [           main] .PrePostAnnotationSecurityMetadataSource : @org.springframework.security.access.prepost.PreAuthorize("hasAnyRole(\'PROVIDER\', \'USER\', \'GUEST\',\'WAITER\')") found on specific method: public java.util.List com.HelloWay.HelloWay.controllers.NotificationController.getNotificationsForProvider(java.lang.Long)
2024-05-30 18:46:22.231 DEBUG 21304 --- [           main] m.DelegatingMethodSecurityMetadataSource : Caching method [CacheKey[com.HelloWay.HelloWay.controllers.NotificationController; public java.util.List com.HelloWay.HelloWay.controllers.NotificationController.getNotificationsForProvider(java.lang.Long)]] with attributes [[authorize: 'hasAnyRole('PROVIDER', 'USER', 'GUEST','WAITER')', filter: 'null', filterTarget: 'null']]
2024-05-30 18:46:22.281 DEBUG 21304 --- [           main] .PrePostAnnotationSecurityMetadataSource : @org.springframework.security.access.prepost.PreAuthorize("hasAnyRole(\'PROVIDER\')") found on specific method: public org.springframework.http.ResponseEntity com.HelloWay.HelloWay.controllers.PdfController.generatePdf(long) throws com.itextpdf.text.DocumentException
2024-05-30 18:46:22.282 DEBUG 21304 --- [           main] m.DelegatingMethodSecurityMetadataSource : Caching method [CacheKey[com.HelloWay.HelloWay.controllers.PdfController; public org.springframework.http.ResponseEntity com.HelloWay.HelloWay.controllers.PdfController.generatePdf(long) throws com.itextpdf.text.DocumentException]] with attributes [[authorize: 'hasAnyRole('PROVIDER')', filter: 'null', filterTarget: 'null']]
2024-05-30 18:46:22.409 DEBUG 21304 --- [           main] .PrePostAnnotationSecurityMetadataSource : @org.springframework.security.access.prepost.PreAuthorize("hasAnyRole(\'PROVIDER\')") found on specific method: public org.springframework.http.ResponseEntity com.HelloWay.HelloWay.controllers.PrimaryMaterialController.getPrimaryMaterialById(java.lang.Long)
2024-05-30 18:46:22.409 DEBUG 21304 --- [           main] m.DelegatingMethodSecurityMetadataSource : Caching method [CacheKey[com.HelloWay.HelloWay.controllers.PrimaryMaterialController; public org.springframework.http.ResponseEntity com.HelloWay.HelloWay.controllers.PrimaryMaterialController.getPrimaryMaterialById(java.lang.Long)]] with attributes [[authorize: 'hasAnyRole('PROVIDER')', filter: 'null', filterTarget: 'null']]
2024-05-30 18:46:22.412 DEBUG 21304 --- [           main] .PrePostAnnotationSecurityMetadataSource : @org.springframework.security.access.prepost.PreAuthorize("hasAnyRole(\'PROVIDER\')") found on specific method: public org.springframework.http.ResponseEntity com.HelloWay.HelloWay.controllers.PrimaryMaterialController.getAllPrimaryMaterials()
2024-05-30 18:46:22.421 DEBUG 21304 --- [           main] m.DelegatingMethodSecurityMetadataSource : Caching method [CacheKey[com.HelloWay.HelloWay.controllers.PrimaryMaterialController; public org.springframework.http.ResponseEntity com.HelloWay.HelloWay.controllers.PrimaryMaterialController.getAllPrimaryMaterials()]] with attributes [[authorize: 'hasAnyRole('PROVIDER')', filter: 'null', filterTarget: 'null']]
2024-05-30 18:46:22.422 DEBUG 21304 --- [           main] .PrePostAnnotationSecurityMetadataSource : @org.springframework.security.access.prepost.PreAuthorize("hasAnyRole(\'PROVIDER\')") found on specific method: public org.springframework.http.ResponseEntity com.HelloWay.HelloWay.controllers.PrimaryMaterialController.deletePrimaryMaterial(java.lang.Long)
2024-05-30 18:46:22.423 DEBUG 21304 --- [           main] m.DelegatingMethodSecurityMetadataSource : Caching method [CacheKey[com.HelloWay.HelloWay.controllers.PrimaryMaterialController; public org.springframework.http.ResponseEntity com.HelloWay.HelloWay.controllers.PrimaryMaterialController.deletePrimaryMaterial(java.lang.Long)]] with attributes [[authorize: 'hasAnyRole('PROVIDER')', filter: 'null', filterTarget: 'null']]
2024-05-30 18:46:22.424 DEBUG 21304 --- [           main] .PrePostAnnotationSecurityMetadataSource : @org.springframework.security.access.prepost.PreAuthorize("hasAnyRole(\'PROVIDER\')") found on specific method: public org.springframework.http.ResponseEntity com.HelloWay.HelloWay.controllers.PrimaryMaterialController.createPrimaryMaterial(com.HelloWay.HelloWay.entities.PrimaryMaterial)
2024-05-30 18:46:22.426 DEBUG 21304 --- [           main] m.DelegatingMethodSecurityMetadataSource : Caching method [CacheKey[com.HelloWay.HelloWay.controllers.PrimaryMaterialController; public org.springframework.http.ResponseEntity com.HelloWay.HelloWay.controllers.PrimaryMaterialController.createPrimaryMaterial(com.HelloWay.HelloWay.entities.PrimaryMaterial)]] with attributes [[authorize: 'hasAnyRole('PROVIDER')', filter: 'null', filterTarget: 'null']]
2024-05-30 18:46:22.426 DEBUG 21304 --- [           main] .PrePostAnnotationSecurityMetadataSource : @org.springframework.security.access.prepost.PreAuthorize("hasAnyRole(\'PROVIDER\')") found on specific method: public org.springframework.http.ResponseEntity com.HelloWay.HelloWay.controllers.PrimaryMaterialController.updatePrimaryMaterialInSpace(java.lang.Long,java.lang.Long,com.HelloWay.HelloWay.entities.PrimaryMaterial)
2024-05-30 18:46:22.427 DEBUG 21304 --- [           main] m.DelegatingMethodSecurityMetadataSource : Caching method [CacheKey[com.HelloWay.HelloWay.controllers.PrimaryMaterialController; public org.springframework.http.ResponseEntity com.HelloWay.HelloWay.controllers.PrimaryMaterialController.updatePrimaryMaterialInSpace(java.lang.Long,java.lang.Long,com.HelloWay.HelloWay.entities.PrimaryMaterial)]] with attributes [[authorize: 'hasAnyRole('PROVIDER')', filter: 'null', filterTarget: 'null']]
2024-05-30 18:46:22.430 DEBUG 21304 --- [           main] .PrePostAnnotationSecurityMetadataSource : @org.springframework.security.access.prepost.PreAuthorize("hasAnyRole(\'PROVIDER\')") found on specific method: public org.springframework.http.ResponseEntity com.HelloWay.HelloWay.controllers.PrimaryMaterialController.removePrimaryMaterialFromSpace(java.lang.Long,java.lang.Long)
2024-05-30 18:46:22.433 DEBUG 21304 --- [           main] m.DelegatingMethodSecurityMetadataSource : Caching method [CacheKey[com.HelloWay.HelloWay.controllers.PrimaryMaterialController; public org.springframework.http.ResponseEntity com.HelloWay.HelloWay.controllers.PrimaryMaterialController.removePrimaryMaterialFromSpace(java.lang.Long,java.lang.Long)]] with attributes [[authorize: 'hasAnyRole('PROVIDER')', filter: 'null', filterTarget: 'null']]
2024-05-30 18:46:22.434 DEBUG 21304 --- [           main] .PrePostAnnotationSecurityMetadataSource : @org.springframework.security.access.prepost.PreAuthorize("hasAnyRole(\'PROVIDER\')") found on specific method: public org.springframework.http.ResponseEntity com.HelloWay.HelloWay.controllers.PrimaryMaterialController.getPrimaryMaterialsBySpaceId(java.lang.Long)
2024-05-30 18:46:22.435 DEBUG 21304 --- [           main] m.DelegatingMethodSecurityMetadataSource : Caching method [CacheKey[com.HelloWay.HelloWay.controllers.PrimaryMaterialController; public org.springframework.http.ResponseEntity com.HelloWay.HelloWay.controllers.PrimaryMaterialController.getPrimaryMaterialsBySpaceId(java.lang.Long)]] with attributes [[authorize: 'hasAnyRole('PROVIDER')', filter: 'null', filterTarget: 'null']]
2024-05-30 18:46:22.436 DEBUG 21304 --- [           main] .PrePostAnnotationSecurityMetadataSource : @org.springframework.security.access.prepost.PreAuthorize("hasAnyRole(\'PROVIDER\')") found on specific method: public org.springframework.http.ResponseEntity com.HelloWay.HelloWay.controllers.PrimaryMaterialController.addPrimaryMaterialToSpace(java.lang.Long,com.HelloWay.HelloWay.entities.PrimaryMaterial)
2024-05-30 18:46:22.436 DEBUG 21304 --- [           main] m.DelegatingMethodSecurityMetadataSource : Caching method [CacheKey[com.HelloWay.HelloWay.controllers.PrimaryMaterialController; public org.springframework.http.ResponseEntity com.HelloWay.HelloWay.controllers.PrimaryMaterialController.addPrimaryMaterialToSpace(java.lang.Long,com.HelloWay.HelloWay.entities.PrimaryMaterial)]] with attributes [[authorize: 'hasAnyRole('PROVIDER')', filter: 'null', filterTarget: 'null']]
2024-05-30 18:46:22.437 DEBUG 21304 --- [           main] .PrePostAnnotationSecurityMetadataSource : @org.springframework.security.access.prepost.PreAuthorize("hasAnyRole(\'PROVIDER\')") found on specific method: public org.springframework.http.ResponseEntity com.HelloWay.HelloWay.controllers.PrimaryMaterialController.updatePrimaryMaterial(java.lang.Long,com.HelloWay.HelloWay.entities.PrimaryMaterial)
2024-05-30 18:46:22.437 DEBUG 21304 --- [           main] m.DelegatingMethodSecurityMetadataSource : Caching method [CacheKey[com.HelloWay.HelloWay.controllers.PrimaryMaterialController; public org.springframework.http.ResponseEntity com.HelloWay.HelloWay.controllers.PrimaryMaterialController.updatePrimaryMaterial(java.lang.Long,com.HelloWay.HelloWay.entities.PrimaryMaterial)]] with attributes [[authorize: 'hasAnyRole('PROVIDER')', filter: 'null', filterTarget: 'null']]
2024-05-30 18:46:22.438 DEBUG 21304 --- [           main] .PrePostAnnotationSecurityMetadataSource : @org.springframework.security.access.prepost.PreAuthorize("hasAnyRole(\'PROVIDER\')") found on specific method: public org.springframework.http.ResponseEntity com.HelloWay.HelloWay.controllers.PrimaryMaterialController.updatePrimaryMaterialQuantity(java.lang.Long,double)
2024-05-30 18:46:22.439 DEBUG 21304 --- [           main] m.DelegatingMethodSecurityMetadataSource : Caching method [CacheKey[com.HelloWay.HelloWay.controllers.PrimaryMaterialController; public org.springframework.http.ResponseEntity com.HelloWay.HelloWay.controllers.PrimaryMaterialController.updatePrimaryMaterialQuantity(java.lang.Long,double)]] with attributes [[authorize: 'hasAnyRole('PROVIDER')', filter: 'null', filterTarget: 'null']]
2024-05-30 18:46:22.440 DEBUG 21304 --- [           main] .PrePostAnnotationSecurityMetadataSource : @org.springframework.security.access.prepost.PreAuthorize("hasAnyRole(\'PROVIDER\')") found on specific method: public org.springframework.http.ResponseEntity com.HelloWay.HelloWay.controllers.PrimaryMaterialController.getExpiredPrimaryMaterialsBySpaceId(java.lang.Long)
2024-05-30 18:46:22.441 DEBUG 21304 --- [           main] m.DelegatingMethodSecurityMetadataSource : Caching method [CacheKey[com.HelloWay.HelloWay.controllers.PrimaryMaterialController; public org.springframework.http.ResponseEntity com.HelloWay.HelloWay.controllers.PrimaryMaterialController.getExpiredPrimaryMaterialsBySpaceId(java.lang.Long)]] with attributes [[authorize: 'hasAnyRole('PROVIDER')', filter: 'null', filterTarget: 'null']]
2024-05-30 18:46:22.442 DEBUG 21304 --- [           main] .PrePostAnnotationSecurityMetadataSource : @org.springframework.security.access.prepost.PreAuthorize("hasAnyRole(\'PROVIDER\')") found on specific method: public org.springframework.http.ResponseEntity com.HelloWay.HelloWay.controllers.PrimaryMaterialController.getExpiredPrimaryMaterialsBySpaceIdLatestVersion(java.lang.Long)
[...]
	at org.springframework.beans.factory.annotation.AutowiredAnnotationBeanPostProcessor$AutowiredFieldElement.resolveFieldValue(AutowiredAnnotationBeanPostProcessor.java:659) ~[spring-beans-5.3.22.jar:5.3.22]
	at org.springframework.beans.factory.annotation.AutowiredAnnotationBeanPostProcessor$AutowiredFieldElement.inject(AutowiredAnnotationBeanPostProcessor.java:639) ~[spring-beans-5.3.22.jar:5.3.22]
	at org.springframework.beans.factory.annotation.InjectionMetadata.inject(InjectionMetadata.java:119) ~[spring-beans-5.3.22.jar:5.3.22]
	at org.springframework.beans.factory.annotation.AutowiredAnnotationBeanPostProcessor.postProcessProperties(AutowiredAnnotationBeanPostProcessor.java:399) ~[spring-beans-5.3.22.jar:5.3.22]
	at org.springframework.beans.factory.support.AbstractAutowireCapableBeanFactory.populateBean(AbstractAutowireCapableBeanFactory.java:1431) ~[spring-beans-5.3.22.jar:5.3.22]
	at org.springframework.beans.factory.support.AbstractAutowireCapableBeanFactory.doCreateBean(AbstractAutowireCapableBeanFactory.java:619) ~[spring-beans-5.3.22.jar:5.3.22]
	at org.springframework.beans.factory.support.AbstractAutowireCapableBeanFactory.createBean(AbstractAutowireCapableBeanFactory.java:542) ~[spring-beans-5.3.22.jar:5.3.22]
	at org.springframework.beans.factory.support.AbstractBeanFactory.lambda$doGetBean$0(AbstractBeanFactory.java:335) ~[spring-beans-5.3.22.jar:5.3.22]
	at org.springframework.beans.factory.support.DefaultSingletonBeanRegistry.getSingleton(DefaultSingletonBeanRegistry.java:234) ~[spring-beans-5.3.22.jar:5.3.22]
	at org.springframework.beans.factory.support.AbstractBeanFactory.doGetBean(AbstractBeanFactory.java:333) ~[spring-beans-5.3.22.jar:5.3.22]
	at org.springframework.beans.factory.support.AbstractBeanFactory.getBean(AbstractBeanFactory.java:208) ~[spring-beans-5.3.22.jar:5.3.22]
	at org.springframework.beans.factory.support.DefaultListableBeanFactory.preInstantiateSingletons(DefaultListableBeanFactory.java:955) ~[spring-beans-5.3.22.jar:5.3.22]
	at org.springframework.context.support.AbstractApplicationContext.finishBeanFactoryInitialization(AbstractApplicationContext.java:918) ~[spring-context-5.3.22.jar:5.3.22]
	at org.springframework.context.support.AbstractApplicationContext.refresh(AbstractApplicationContext.java:583) ~[spring-context-5.3.22.jar:5.3.22]
	at org.springframework.boot.SpringApplication.refresh(SpringApplication.java:734) ~[spring-boot-2.7.3.jar:2.7.3]
	at org.springframework.boot.SpringApplication.refreshContext(SpringApplication.java:408) ~[spring-boot-2.7.3.jar:2.7.3]
	at org.springframework.boot.SpringApplication.run(SpringApplication.java:308) ~[spring-boot-2.7.3.jar:2.7.3]
	at org.springframework.boot.test.context.SpringBootContextLoader.loadContext(SpringBootContextLoader.java:132) ~[spring-boot-test-2.7.3.jar:2.7.3]
	at org.springframework.test.context.cache.DefaultCacheAwareContextLoaderDelegate.loadContextInternal(DefaultCacheAwareContextLoaderDelegate.java:99) ~[spring-test-5.3.22.jar:5.3.22]
	at org.springframework.test.context.cache.DefaultCacheAwareContextLoaderDelegate.loadContext(DefaultCacheAwareContextLoaderDelegate.java:124) ~[spring-test-5.3.22.jar:5.3.22]
	... 67 common frames omitted
Caused by: org.springframework.beans.factory.UnsatisfiedDependencyException: Error creating bean with name 'wifiService': Unsatisfied dependency expressed through field 'wifiRepository'; nested exception is org.springframework.beans.factory.BeanCreationException: Error creating bean with name 'wifiRepository' defined in com.HelloWay.HelloWay.repos.WifiRepository defined in @EnableJpaRepositories declared on JpaRepositoriesRegistrar.EnableJpaRepositoriesConfiguration: Invocation of init method failed; nested exception is org.springframework.data.repository.query.QueryCreationException: Could not create query for public abstract java.util.List com.HelloWay.HelloWay.repos.WifiRepository.findBySpace_Id_space(java.lang.Long); Reason: Failed to create query for method public abstract java.util.List com.HelloWay.HelloWay.repos.WifiRepository.findBySpace_Id_space(java.lang.Long)! No property 'id' found for type 'Space' Traversed path: Wifi.space.; nested exception is java.lang.IllegalArgumentException: Failed to create query for method public abstract java.util.List com.HelloWay.HelloWay.repos.WifiRepository.findBySpace_Id_space(java.lang.Long)! No property 'id' found for type 'Space' Traversed path: Wifi.space.
	at org.springframework.beans.factory.annotation.AutowiredAnnotationBeanPostProcessor$AutowiredFieldElement.resolveFieldValue(AutowiredAnnotationBeanPostProcessor.java:659) ~[spring-beans-5.3.22.jar:5.3.22]
	at org.springframework.beans.factory.annotation.AutowiredAnnotationBeanPostProcessor$AutowiredFieldElement.inject(AutowiredAnnotationBeanPostProcessor.java:639) ~[spring-beans-5.3.22.jar:5.3.22]
	at org.springframework.beans.factory.annotation.InjectionMetadata.inject(InjectionMetadata.java:119) ~[spring-beans-5.3.22.jar:5.3.22]
	at org.springframework.beans.factory.annotation.AutowiredAnnotationBeanPostProcessor.postProcessProperties(AutowiredAnnotationBeanPostProcessor.java:399) ~[spring-beans-5.3.22.jar:5.3.22]
	at org.springframework.beans.factory.support.AbstractAutowireCapableBeanFactory.populateBean(AbstractAutowireCapableBeanFactory.java:1431) ~[spring-beans-5.3.22.jar:5.3.22]
	at org.springframework.beans.factory.support.AbstractAutowireCapableBeanFactory.doCreateBean(AbstractAutowireCapableBeanFactory.java:619) ~[spring-beans-5.3.22.jar:5.3.22]
	at org.springframework.beans.factory.support.AbstractAutowireCapableBeanFactory.createBean(AbstractAutowireCapableBeanFactory.java:542) ~[spring-beans-5.3.22.jar:5.3.22]
	at org.springframework.beans.factory.support.AbstractBeanFactory.lambda$doGetBean$0(AbstractBeanFactory.java:335) ~[spring-beans-5.3.22.jar:5.3.22]
	at org.springframework.beans.factory.support.DefaultSingletonBeanRegistry.getSingleton(DefaultSingletonBeanRegistry.java:234) ~[spring-beans-5.3.22.jar:5.3.22]
	at org.springframework.beans.factory.support.AbstractBeanFactory.doGetBean(AbstractBeanFactory.java:333) ~[spring-beans-5.3.22.jar:5.3.22]
	at org.springframework.beans.factory.support.AbstractBeanFactory.getBean(AbstractBeanFactory.java:208) ~[spring-beans-5.3.22.jar:5.3.22]
	at org.springframework.beans.factory.config.DependencyDescriptor.resolveCandidate(DependencyDescriptor.java:276) ~[spring-beans-5.3.22.jar:5.3.22]
	at org.springframework.beans.factory.support.DefaultListableBeanFactory.doResolveDependency(DefaultListableBeanFactory.java:1391) ~[spring-beans-5.3.22.jar:5.3.22]
	at org.springframework.beans.factory.support.DefaultListableBeanFactory.resolveDependency(DefaultListableBeanFactory.java:1311) ~[spring-beans-5.3.22.jar:5.3.22]
	at org.springframework.beans.factory.annotation.AutowiredAnnotationBeanPostProcessor$AutowiredFieldElement.resolveFieldValue(AutowiredAnnotationBeanPostProcessor.java:656) ~[spring-beans-5.3.22.jar:5.3.22]
	... 86 common frames omitted
Caused by: org.springframework.beans.factory.BeanCreationException: Error creating bean with name 'wifiRepository' defined in com.HelloWay.HelloWay.repos.WifiRepository defined in @EnableJpaRepositories declared on JpaRepositoriesRegistrar.EnableJpaRepositoriesConfiguration: Invocation of init method failed; nested exception is org.springframework.data.repository.query.QueryCreationException: Could not create query for public abstract java.util.List com.HelloWay.HelloWay.repos.WifiRepository.findBySpace_Id_space(java.lang.Long); Reason: Failed to create query for method public abstract java.util.List com.HelloWay.HelloWay.repos.WifiRepository.findBySpace_Id_space(java.lang.Long)! No property 'id' found for type 'Space' Traversed path: Wifi.space.; nested exception is java.lang.IllegalArgumentException: Failed to create query for method public abstract java.util.List com.HelloWay.HelloWay.repos.WifiRepository.findBySpace_Id_space(java.lang.Long)! No property 'id' found for type 'Space' Traversed path: Wifi.space.
	at org.springframework.beans.factory.support.AbstractAutowireCapableBeanFactory.initializeBean(AbstractAutowireCapableBeanFactory.java:1804) ~[spring-beans-5.3.22.jar:5.3.22]
	at org.springframework.beans.factory.support.AbstractAutowireCapableBeanFactory.doCreateBean(AbstractAutowireCapableBeanFactory.java:620) ~[spring-beans-5.3.22.jar:5.3.22]
	at org.springframework.beans.factory.support.AbstractAutowireCapableBeanFactory.createBean(AbstractAutowireCapableBeanFactory.java:542) ~[spring-beans-5.3.22.jar:5.3.22]
	at org.springframework.beans.factory.support.AbstractBeanFactory.lambda$doGetBean$0(AbstractBeanFactory.java:335) ~[spring-beans-5.3.22.jar:5.3.22]
	at org.springframework.beans.factory.support.DefaultSingletonBeanRegistry.getSingleton(DefaultSingletonBeanRegistry.java:234) ~[spring-beans-5.3.22.jar:5.3.22]
	at org.springframework.beans.factory.support.AbstractBeanFactory.doGetBean(AbstractBeanFactory.java:333) ~[spring-beans-5.3.22.jar:5.3.22]
	at org.springframework.beans.factory.support.AbstractBeanFactory.getBean(AbstractBeanFactory.java:208) ~[spring-beans-5.3.22.jar:5.3.22]
	at org.springframework.beans.factory.config.DependencyDescriptor.resolveCandidate(DependencyDescriptor.java:276) ~[spring-beans-5.3.22.jar:5.3.22]
	at org.springframework.beans.factory.support.DefaultListableBeanFactory.doResolveDependency(DefaultListableBeanFactory.java:1391) ~[spring-beans-5.3.22.jar:5.3.22]
	at org.springframework.beans.factory.support.DefaultListableBeanFactory.resolveDependency(DefaultListableBeanFactory.java:1311) ~[spring-beans-5.3.22.jar:5.3.22]
	at org.springframework.beans.factory.annotation.AutowiredAnnotationBeanPostProcessor$AutowiredFieldElement.resolveFieldValue(AutowiredAnnotationBeanPostProcessor.java:656) ~[spring-beans-5.3.22.jar:5.3.22]
	... 100 common frames omitted
Caused by: org.springframework.data.repository.query.QueryCreationException: Could not create query for public abstract java.util.List com.HelloWay.HelloWay.repos.WifiRepository.findBySpace_Id_space(java.lang.Long); Reason: Failed to create query for method public abstract java.util.List com.HelloWay.HelloWay.repos.WifiRepository.findBySpace_Id_space(java.lang.Long)! No property 'id' found for type 'Space' Traversed path: Wifi.space.; nested exception is java.lang.IllegalArgumentException: Failed to create query for method public abstract java.util.List com.HelloWay.HelloWay.repos.WifiRepository.findBySpace_Id_space(java.lang.Long)! No property 'id' found for type 'Space' Traversed path: Wifi.space.
	at org.springframework.data.repository.query.QueryCreationException.create(QueryCreationException.java:101) ~[spring-data-commons-2.7.2.jar:2.7.2]
	at org.springframework.data.repository.core.support.QueryExecutorMethodInterceptor.lookupQuery(QueryExecutorMethodInterceptor.java:107) ~[spring-data-commons-2.7.2.jar:2.7.2]
	at org.springframework.data.repository.core.support.QueryExecutorMethodInterceptor.lambda$mapMethodsToQuery$1(QueryExecutorMethodInterceptor.java:95) ~[spring-data-commons-2.7.2.jar:2.7.2]
	at java.base/java.util.stream.ReferencePipeline$3$1.accept(ReferencePipeline.java:197) ~[na:na]
	at java.base/java.util.Iterator.forEachRemaining(Iterator.java:133) ~[na:na]
	at java.base/java.util.Collections$UnmodifiableCollection$1.forEachRemaining(Collections.java:1061) ~[na:na]
	at java.base/java.util.Spliterators$IteratorSpliterator.forEachRemaining(Spliterators.java:1845) ~[na:na]
	at java.base/java.util.stream.AbstractPipeline.copyInto(AbstractPipeline.java:509) ~[na:na]
	at java.base/java.util.stream.AbstractPipeline.wrapAndCopyInto(AbstractPipeline.java:499) ~[na:na]
	at java.base/java.util.stream.ReduceOps$ReduceOp.evaluateSequential(ReduceOps.java:921) ~[na:na]
	at java.base/java.util.stream.AbstractPipeline.evaluate(AbstractPipeline.java:234) ~[na:na]
	at java.base/java.util.stream.ReferencePipeline.collect(ReferencePipeline.java:682) ~[na:na]
	at org.springframework.data.repository.core.support.QueryExecutorMethodInterceptor.mapMethodsToQuery(QueryExecutorMethodInterceptor.java:97) ~[spring-data-commons-2.7.2.jar:2.7.2]
	at org.springframework.data.repository.core.support.QueryExecutorMethodInterceptor.lambda$new$0(QueryExecutorMethodInterceptor.java:87) ~[spring-data-commons-2.7.2.jar:2.7.2]
	at java.base/java.util.Optional.map(Optional.java:260) ~[na:na]
	at org.springframework.data.repository.core.support.QueryExecutorMethodInterceptor.<init>(QueryExecutorMethodInterceptor.java:87) ~[spring-data-commons-2.7.2.jar:2.7.2]
	at org.springframework.data.repository.core.support.RepositoryFactorySupport.getRepository(RepositoryFactorySupport.java:365) ~[spring-data-commons-2.7.2.jar:2.7.2]
	at org.springframework.data.repository.core.support.RepositoryFactoryBeanSupport.lambda$afterPropertiesSet$5(RepositoryFactoryBeanSupport.java:323) ~[spring-data-commons-2.7.2.jar:2.7.2]
	at org.springframework.data.util.Lazy.getNullable(Lazy.java:231) ~[spring-data-commons-2.7.2.jar:2.7.2]
	at org.springframework.data.util.Lazy.get(Lazy.java:115) ~[spring-data-commons-2.7.2.jar:2.7.2]
	at org.springframework.data.repository.core.support.RepositoryFactoryBeanSupport.afterPropertiesSet(RepositoryFactoryBeanSupport.java:329) ~[spring-data-commons-2.7.2.jar:2.7.2]
	at org.springframework.data.jpa.repository.support.JpaRepositoryFactoryBean.afterPropertiesSet(JpaRepositoryFactoryBean.java:144) ~[spring-data-jpa-2.7.2.jar:2.7.2]
	at org.springframework.beans.factory.support.AbstractAutowireCapableBeanFactory.invokeInitMethods(AbstractAutowireCapableBeanFactory.java:1863) ~[spring-beans-5.3.22.jar:5.3.22]
	at org.springframework.beans.factory.support.AbstractAutowireCapableBeanFactory.initializeBean(AbstractAutowireCapableBeanFactory.java:1800) ~[spring-beans-5.3.22.jar:5.3.22]
	... 110 common frames omitted
Caused by: java.lang.IllegalArgumentException: Failed to create query for method public abstract java.util.List com.HelloWay.HelloWay.repos.WifiRepository.findBySpace_Id_space(java.lang.Long)! No property 'id' found for type 'Space' Traversed path: Wifi.space.
	at org.springframework.data.jpa.repository.query.PartTreeJpaQuery.<init>(PartTreeJpaQuery.java:96) ~[spring-data-jpa-2.7.2.jar:2.7.2]
	at org.springframework.data.jpa.repository.query.JpaQueryLookupStrategy$CreateQueryLookupStrategy.resolveQuery(JpaQueryLookupStrategy.java:119) ~[spring-data-jpa-2.7.2.jar:2.7.2]
	at org.springframework.data.jpa.repository.query.JpaQueryLookupStrategy$CreateIfNotFoundQueryLookupStrategy.resolveQuery(JpaQueryLookupStrategy.java:259) ~[spring-data-jpa-2.7.2.jar:2.7.2]
	at org.springframework.data.jpa.repository.query.JpaQueryLookupStrategy$AbstractQueryLookupStrategy.resolveQuery(JpaQueryLookupStrategy.java:93) ~[spring-data-jpa-2.7.2.jar:2.7.2]
	at org.springframework.data.repository.core.support.QueryExecutorMethodInterceptor.lookupQuery(QueryExecutorMethodInterceptor.java:103) ~[spring-data-commons-2.7.2.jar:2.7.2]
	... 132 common frames omitted
Caused by: org.springframework.data.mapping.PropertyReferenceException: No property 'id' found for type 'Space' Traversed path: Wifi.space.
	at org.springframework.data.mapping.PropertyPath.<init>(PropertyPath.java:91) ~[spring-data-commons-2.7.2.jar:2.7.2]
	at org.springframework.data.mapping.PropertyPath.create(PropertyPath.java:438) ~[spring-data-commons-2.7.2.jar:2.7.2]
	at org.springframework.data.mapping.PropertyPath.create(PropertyPath.java:414) ~[spring-data-commons-2.7.2.jar:2.7.2]
	at org.springframework.data.mapping.PropertyPath.create(PropertyPath.java:398) ~[spring-data-commons-2.7.2.jar:2.7.2]
	at org.springframework.data.mapping.PropertyPath.lambda$from$0(PropertyPath.java:370) ~[spring-data-commons-2.7.2.jar:2.7.2]
	at java.base/java.util.concurrent.ConcurrentMap.computeIfAbsent(ConcurrentMap.java:330) ~[na:na]
	at org.springframework.data.mapping.PropertyPath.from(PropertyPath.java:349) ~[spring-data-commons-2.7.2.jar:2.7.2]
	at org.springframework.data.mapping.PropertyPath.from(PropertyPath.java:332) ~[spring-data-commons-2.7.2.jar:2.7.2]
	at org.springframework.data.repository.query.parser.Part.<init>(Part.java:81) ~[spring-data-commons-2.7.2.jar:2.7.2]
	at org.springframework.data.repository.query.parser.PartTree$OrPart.lambda$new$0(PartTree.java:250) ~[spring-data-commons-2.7.2.jar:2.7.2]
	at java.base/java.util.stream.ReferencePipeline$3$1.accept(ReferencePipeline.java:197) ~[na:na]
	at java.base/java.util.stream.ReferencePipeline$2$1.accept(ReferencePipeline.java:179) ~[na:na]
	at java.base/java.util.Spliterators$ArraySpliterator.forEachRemaining(Spliterators.java:992) ~[na:na]
	at java.base/java.util.stream.AbstractPipeline.copyInto(AbstractPipeline.java:509) ~[na:na]
	at java.base/java.util.stream.AbstractPipeline.wrapAndCopyInto(AbstractPipeline.java:499) ~[na:na]
	at java.base/java.util.stream.ReduceOps$ReduceOp.evaluateSequential(ReduceOps.java:921) ~[na:na]
	at java.base/java.util.stream.AbstractPipeline.evaluate(AbstractPipeline.java:234) ~[na:na]
	at java.base/java.util.stream.ReferencePipeline.collect(ReferencePipeline.java:682) ~[na:na]
	at org.springframework.data.repository.query.parser.PartTree$OrPart.<init>(PartTree.java:251) ~[spring-data-commons-2.7.2.jar:2.7.2]
	at org.springframework.data.repository.query.parser.PartTree$Predicate.lambda$new$0(PartTree.java:384) ~[spring-data-commons-2.7.2.jar:2.7.2]
	at java.base/java.util.stream.ReferencePipeline$3$1.accept(ReferencePipeline.java:197) ~[na:na]
	at java.base/java.util.stream.ReferencePipeline$2$1.accept(ReferencePipeline.java:179) ~[na:na]
	at java.base/java.util.Spliterators$ArraySpliterator.forEachRemaining(Spliterators.java:992) ~[na:na]
	at java.base/java.util.stream.AbstractPipeline.copyInto(AbstractPipeline.java:509) ~[na:na]
	at java.base/java.util.stream.AbstractPipeline.wrapAndCopyInto(AbstractPipeline.java:499) ~[na:na]
	at java.base/java.util.stream.ReduceOps$ReduceOp.evaluateSequential(ReduceOps.java:921) ~[na:na]
	at java.base/java.util.stream.AbstractPipeline.evaluate(AbstractPipeline.java:234) ~[na:na]
	at java.base/java.util.stream.ReferencePipeline.collect(ReferencePipeline.java:682) ~[na:na]
	at org.springframework.data.repository.query.parser.PartTree$Predicate.<init>(PartTree.java:385) ~[spring-data-commons-2.7.2.jar:2.7.2]
	at org.springframework.data.repository.query.parser.PartTree.<init>(PartTree.java:96) ~[spring-data-commons-2.7.2.jar:2.7.2]
	at org.springframework.data.jpa.repository.query.PartTreeJpaQuery.<init>(PartTreeJpaQuery.java:89) ~[spring-data-jpa-2.7.2.jar:2.7.2]
	... 136 common frames omitted

]]></system-out>
  </testcase>
</testsuite>